<?xml version="1.0" encoding="utf-8"?><testsuites name="pytest tests"><testsuite name="pytest" errors="0" failures="0" skipped="0" tests="12" time="2.862" timestamp="2026-04-06T03:04:30.257764+00:00" hostname="agent-env-add78f51-69e7-48ba-93bb-9b25a564b93b"><testcase classname="backend.tests.test_adtasks_redesign.TestAdditionalTasksAPI" name="test_get_all_tasks" time="1.095" /><testcase classname="backend.tests.test_adtasks_redesign.TestAdditionalTasksAPI" name="test_get_tasks_by_project" time="0.057" /><testcase classname="backend.tests.test_adtasks_redesign.TestAdditionalTasksAPI" name="test_create_task_with_type_and_work_link" time="0.052" /><testcase classname="backend.tests.test_adtasks_redesign.TestAdditionalTasksAPI" name="test_create_task_with_all_types" time="0.251" /><testcase classname="backend.tests.test_adtasks_redesign.TestAdditionalTasksAPI" name="test_update_task_type_and_work_link" time="0.099" /><testcase classname="backend.tests.test_adtasks_redesign.TestAdditionalTasksAPI" name="test_update_task_status" time="0.197" /><testcase classname="backend.tests.test_adtasks_redesign.TestAdditionalTasksAPI" name="test_add_time_to_task" time="0.160" /><testcase classname="backend.tests.test_adtasks_redesign.TestAdditionalTasksAPI" name="test_delete_task" time="0.141" /><testcase classname="backend.tests.test_adtasks_redesign.TestAdditionalTasksAPI" name="test_get_my_tasks" time="0.049" /><testcase classname="backend.tests.test_adtasks_redesign.TestAdditionalTasksAPI" name="test_invalid_status_update" time="0.600" /><testcase classname="backend.tests.test_adtasks_redesign.TestProjectTasksFiltering" name="test_filter_tasks_by_project_id" time="0.048" /><testcase classname="backend.tests.test_adtasks_redesign.TestTeamMembersAPI" name="test_get_team_members" time="0.046" /></testsuite></testsuites>