<?xml version="1.0" encoding="utf-8"?><testsuites name="pytest tests"><testsuite name="pytest" errors="0" failures="0" skipped="0" tests="22" time="106.647" timestamp="2026-01-12T11:24:29.598207+00:00" hostname="agent-env-1c7ccecc-b7c1-4c9d-a166-b8fc2bcd2396"><testcase classname="tests.test_ai_module.TestAIAuth" name="test_login_admin" time="0.321" /><testcase classname="tests.test_ai_module.TestAISuggestedPrompts" name="test_get_general_prompts" time="0.296" /><testcase classname="tests.test_ai_module.TestAISuggestedPrompts" name="test_get_sales_prompts" time="0.036" /><testcase classname="tests.test_ai_module.TestAISuggestedPrompts" name="test_get_operations_prompts" time="0.036" /><testcase classname="tests.test_ai_module.TestAISuggestedPrompts" name="test_get_marketing_prompts" time="0.035" /><testcase classname="tests.test_ai_module.TestAISuggestedPrompts" name="test_get_finance_prompts" time="0.031" /><testcase classname="tests.test_ai_module.TestAISuggestedPrompts" name="test_get_unknown_context_prompts" time="0.037" /><testcase classname="tests.test_ai_module.TestAIChat" name="test_chat_general_context" time="7.476" /><testcase classname="tests.test_ai_module.TestAIChat" name="test_chat_sales_context" time="12.577" /><testcase classname="tests.test_ai_module.TestAIChat" name="test_chat_operations_context" time="9.273" /><testcase classname="tests.test_ai_module.TestAIChat" name="test_chat_unauthorized" time="0.072" /><testcase classname="tests.test_ai_module.TestAIConversations" name="test_get_conversations" time="0.337" /><testcase classname="tests.test_ai_module.TestAIConversations" name="test_continue_conversation" time="12.448" /><testcase classname="tests.test_ai_module.TestAIConversations" name="test_get_specific_conversation" time="0.059" /><testcase classname="tests.test_ai_module.TestAIConversations" name="test_delete_conversation" time="0.071" /><testcase classname="tests.test_ai_module.TestAIConversations" name="test_get_nonexistent_conversation" time="0.080" /><testcase classname="tests.test_ai_module.TestAIQuickActions" name="test_follow_up_suggestions" time="14.196" /><testcase classname="tests.test_ai_module.TestAIQuickActions" name="test_project_analysis" time="14.244" /><testcase classname="tests.test_ai_module.TestAIQuickActions" name="test_lead_summary" time="11.787" /><testcase classname="tests.test_ai_module.TestAIQuickActions" name="test_lead_summary_invalid_lead" time="0.067" /><testcase classname="tests.test_ai_module.TestAIContextAwareness" name="test_sales_context_mentions_leads" time="13.666" /><testcase classname="tests.test_ai_module.TestAIContextAwareness" name="test_operations_context_mentions_projects" time="9.413" /></testsuite></testsuites>