<?xml version="1.0" encoding="utf-8"?><testsuites name="pytest tests"><testsuite name="pytest" errors="0" failures="0" skipped="0" tests="13" time="5.713" timestamp="2026-04-05T03:35:10.017924+00:00" hostname="agent-env-add78f51-69e7-48ba-93bb-9b25a564b93b"><testcase classname="backend.tests.test_approvals_workflow.TestApprovalsWorkflow" name="test_get_pending_approvals" time="0.576" /><testcase classname="backend.tests.test_approvals_workflow.TestApprovalsWorkflow" name="test_get_pending_approvals_with_department_filter" time="0.387" /><testcase classname="backend.tests.test_approvals_workflow.TestApprovalsWorkflow" name="test_get_pending_approvals_with_date_filter" time="0.384" /><testcase classname="backend.tests.test_approvals_workflow.TestApprovalsWorkflow" name="test_get_website_projects" time="0.393" /><testcase classname="backend.tests.test_approvals_workflow.TestApprovalsWorkflow" name="test_get_project_stage_tasks" time="0.443" /><testcase classname="backend.tests.test_approvals_workflow.TestApprovalsWorkflow" name="test_submit_task_for_approval_with_operations_approver" time="0.426" /><testcase classname="backend.tests.test_approvals_workflow.TestApprovalsWorkflow" name="test_submit_task_for_approval_with_pm_approver" time="0.434" /><testcase classname="backend.tests.test_approvals_workflow.TestApprovalsWorkflow" name="test_submit_task_for_approval_with_ceo_approver" time="0.434" /><testcase classname="backend.tests.test_approvals_workflow.TestApprovalsWorkflow" name="test_approve_task_from_approvals_page" time="0.501" /><testcase classname="backend.tests.test_approvals_workflow.TestApprovalsWorkflow" name="test_reject_task_with_corrections" time="0.392" /><testcase classname="backend.tests.test_approvals_workflow.TestApprovalsWorkflow" name="test_approvals_contain_assignee_type" time="0.381" /><testcase classname="backend.tests.test_approvals_workflow.TestApprovalsWorkflow" name="test_stage_tasks_have_correct_status" time="0.476" /><testcase classname="backend.tests.test_approvals_workflow.TestTeamMembers" name="test_get_team_members" time="0.418" /></testsuite></testsuites>