<?xml version="1.0" encoding="utf-8"?><testsuites name="pytest tests"><testsuite name="pytest" errors="0" failures="1" skipped="0" tests="19" time="7.753" timestamp="2026-04-02T18:55:03.322474+00:00" hostname="agent-env-add78f51-69e7-48ba-93bb-9b25a564b93b"><testcase classname="backend.tests.test_bde_tasks_features.TestTimeTracking" name="test_start_timer" time="1.117" /><testcase classname="backend.tests.test_bde_tasks_features.TestTimeTracking" name="test_start_timer_already_started_fails" time="0.139" /><testcase classname="backend.tests.test_bde_tasks_features.TestTimeTracking" name="test_pause_timer" time="1.127" /><testcase classname="backend.tests.test_bde_tasks_features.TestTimeTracking" name="test_resume_timer" time="0.128" /><testcase classname="backend.tests.test_bde_tasks_features.TestTimeTracking" name="test_finish_timer" time="1.183" /><testcase classname="backend.tests.test_bde_tasks_features.TestTimeTracking" name="test_get_timer_status" time="0.132" /><testcase classname="backend.tests.test_bde_tasks_features.TestTimeTracking" name="test_cleanup_time_tracking_task" time="0.123" /><testcase classname="backend.tests.test_bde_tasks_features.TestRecurrence" name="test_create_task_with_daily_recurrence" time="0.700" /><testcase classname="backend.tests.test_bde_tasks_features.TestRecurrence" name="test_create_task_with_weekly_recurrence" time="0.112" /><testcase classname="backend.tests.test_bde_tasks_features.TestRecurrence" name="test_create_task_with_weekdays_recurrence" time="0.179" /><testcase classname="backend.tests.test_bde_tasks_features.TestRecurrence" name="test_create_task_with_custom_recurrence" time="0.128" /><testcase classname="backend.tests.test_bde_tasks_features.TestRecurrence" name="test_update_task_recurrence" time="0.173" /><testcase classname="backend.tests.test_bde_tasks_features.TestRecurrence" name="test_cleanup_recurrence_tasks" time="0.452" /><testcase classname="backend.tests.test_bde_tasks_features.TestTaskTypes" name="test_create_meeting_task" time="0.691" /><testcase classname="backend.tests.test_bde_tasks_features.TestTaskTypes" name="test_create_follow_up_task" time="0.129" /><testcase classname="backend.tests.test_bde_tasks_features.TestTaskTypes" name="test_create_task_with_work_link" time="0.114" /><testcase classname="backend.tests.test_bde_tasks_features.TestTaskTypes" name="test_cleanup_type_tasks" time="0.346" /><testcase classname="backend.tests.test_bde_tasks_features.TestExistingTaskWithRecurrence" name="test_get_acme_corp_project" time="0.569" /><testcase classname="backend.tests.test_bde_tasks_features.TestExistingTaskWithRecurrence" name="test_get_project_detail_with_tasks" time="0.107"><failure message="AssertionError: Missing time_tracking&#10;assert 'time_tracking' in {'assigned_by': 'user_3c30c34cb406', 'assigned_to': None, 'created_at': '2026-04-02T18:02:10.981000', 'created_by': 'user_3c30c34cb406', ...}">backend/tests/test_bde_tasks_features.py:549: in test_get_project_detail_with_tasks
    assert "time_tracking" in task, "Missing time_tracking"
E   AssertionError: Missing time_tracking
E   assert 'time_tracking' in {'assigned_by': 'user_3c30c34cb406', 'assigned_to': None, 'created_at': '2026-04-02T18:02:10.981000', 'created_by': 'user_3c30c34cb406', ...}</failure></testcase></testsuite></testsuites>