<?xml version="1.0" encoding="utf-8"?><testsuites name="pytest tests"><testsuite name="pytest" errors="0" failures="0" skipped="0" tests="11" time="4.355" timestamp="2026-04-02T12:46:23.020931+00:00" hostname="agent-env-add78f51-69e7-48ba-93bb-9b25a564b93b"><testcase classname="backend.tests.test_calendar_leave_verification.TestAuthentication" name="test_login_success" time="0.476" /><testcase classname="backend.tests.test_calendar_leave_verification.TestMonthlyLeaveBalance" name="test_monthly_balance_returns_correct_structure" time="0.510" /><testcase classname="backend.tests.test_calendar_leave_verification.TestMonthlyLeaveBalance" name="test_monthly_balance_without_params" time="0.110" /><testcase classname="backend.tests.test_calendar_leave_verification.TestGoogleCalendarStatus" name="test_calendar_status_returns_connection_status" time="0.443" /><testcase classname="backend.tests.test_calendar_leave_verification.TestLeaveVerification" name="test_pending_verification_returns_list" time="0.464" /><testcase classname="backend.tests.test_calendar_leave_verification.TestCompanyCalendar" name="test_get_company_calendar" time="0.435" /><testcase classname="backend.tests.test_calendar_leave_verification.TestAttendanceCalendar" name="test_get_attendance_calendar" time="0.419" /><testcase classname="backend.tests.test_calendar_leave_verification.TestHRAdminLeaveRequests" name="test_get_all_leave_requests" time="0.432" /><testcase classname="backend.tests.test_calendar_leave_verification.TestHRAdminLeaveRequests" name="test_get_pending_leave_requests" time="0.113" /><testcase classname="backend.tests.test_calendar_leave_verification.TestLeaveTasksEndpoint" name="test_get_leave_tasks_with_invalid_id" time="0.435" /><testcase classname="backend.tests.test_calendar_leave_verification.TestDashboardStats" name="test_dashboard_stats" time="0.447" /></testsuite></testsuites>