<?xml version="1.0" encoding="utf-8"?><testsuites name="pytest tests"><testsuite name="pytest" errors="0" failures="0" skipped="0" tests="15" time="9.779" timestamp="2026-02-21T04:09:54.911333+00:00" hostname="agent-env-bb563e8d-ec0a-42c1-baaf-6bc1b5797cf4"><testcase classname="backend.tests.test_creative_design_board.TestCreativeDesignBoard" name="test_get_projects" time="0.525" /><testcase classname="backend.tests.test_creative_design_board.TestCreativeDesignBoard" name="test_create_project" time="0.746" /><testcase classname="backend.tests.test_creative_design_board.TestCreativeDesignBoard" name="test_update_project" time="0.743" /><testcase classname="backend.tests.test_creative_design_board.TestCreativeDesignBoard" name="test_delete_project" time="0.564" /><testcase classname="backend.tests.test_creative_design_board.TestCreativeDesignBoard" name="test_get_tasks" time="0.448" /><testcase classname="backend.tests.test_creative_design_board.TestCreativeDesignBoard" name="test_create_task_poster" time="0.673" /><testcase classname="backend.tests.test_creative_design_board.TestCreativeDesignBoard" name="test_create_task_story" time="0.563" /><testcase classname="backend.tests.test_creative_design_board.TestCreativeDesignBoard" name="test_create_task_brochure" time="0.545" /><testcase classname="backend.tests.test_creative_design_board.TestCreativeDesignBoard" name="test_update_task_status" time="0.672" /><testcase classname="backend.tests.test_creative_design_board.TestCreativeDesignBoard" name="test_update_stage_status" time="0.657" /><testcase classname="backend.tests.test_creative_design_board.TestCreativeDesignBoard" name="test_delete_task" time="0.592" /><testcase classname="backend.tests.test_creative_design_board.TestCreativeDesignBoard" name="test_get_design_types" time="0.416" /><testcase classname="backend.tests.test_creative_design_board.TestCreativeDesignBoard" name="test_create_custom_design_type" time="0.736" /><testcase classname="backend.tests.test_creative_design_board.TestCreativeDesignBoard" name="test_delete_custom_design_type" time="0.556" /><testcase classname="backend.tests.test_creative_design_board.TestCreativeDesignBoard" name="test_full_task_workflow" time="1.270" /></testsuite></testsuites>