<?xml version="1.0" encoding="utf-8"?><testsuites name="pytest tests"><testsuite name="pytest" errors="0" failures="0" skipped="0" tests="15" time="62.500" timestamp="2026-04-02T03:29:02.968380+00:00" hostname="agent-env-add78f51-69e7-48ba-93bb-9b25a564b93b"><testcase classname="backend.tests.test_digital_marketing_board.TestDigitalMarketingBoard" name="test_get_templates_includes_dm_board" time="8.359" /><testcase classname="backend.tests.test_digital_marketing_board.TestDigitalMarketingBoard" name="test_dm_template_has_correct_departments" time="1.495" /><testcase classname="backend.tests.test_digital_marketing_board.TestDigitalMarketingBoard" name="test_dm_template_has_approval_workflow_statuses" time="1.328" /><testcase classname="backend.tests.test_digital_marketing_board.TestDigitalMarketingBoard" name="test_dm_template_has_priority_options" time="1.364" /><testcase classname="backend.tests.test_digital_marketing_board.TestDigitalMarketingBoard" name="test_create_database_from_dm_template" time="3.000" /><testcase classname="backend.tests.test_digital_marketing_board.TestDigitalMarketingBoard" name="test_default_database_has_approval_workflow" time="2.990" /><testcase classname="backend.tests.test_digital_marketing_board.TestDigitalMarketingBoard" name="test_default_database_has_department_column" time="2.964" /><testcase classname="backend.tests.test_digital_marketing_board.TestDigitalMarketingBoard" name="test_create_task_with_status" time="4.200" /><testcase classname="backend.tests.test_digital_marketing_board.TestDigitalMarketingBoard" name="test_update_task_status" time="5.197" /><testcase classname="backend.tests.test_digital_marketing_board.TestDigitalMarketingBoard" name="test_get_rows_for_kanban_view" time="9.700" /><testcase classname="backend.tests.test_digital_marketing_board.TestDigitalMarketingBoard" name="test_get_users_for_assignment" time="1.562" /><testcase classname="backend.tests.test_digital_marketing_board.TestDigitalMarketingBoard" name="test_assign_task_to_user" time="6.688" /><testcase classname="backend.tests.test_digital_marketing_board.TestDigitalMarketingBoard" name="test_get_all_databases" time="1.548" /><testcase classname="backend.tests.test_digital_marketing_board.TestDigitalMarketingBoard" name="test_get_single_database" time="7.818" /><testcase classname="backend.tests.test_digital_marketing_board.TestDigitalMarketingBoard" name="test_delete_database" time="4.210" /></testsuite></testsuites>