<?xml version="1.0" encoding="utf-8"?><testsuites name="pytest tests"><testsuite name="pytest" errors="0" failures="0" skipped="0" tests="15" time="2.025" timestamp="2026-03-11T04:04:05.162123+00:00" hostname="agent-env-add78f51-69e7-48ba-93bb-9b25a564b93b"><testcase classname="tests.test_documentation_module" name="test_01_admin_login" time="0.351" /><testcase classname="tests.test_documentation_module" name="test_02_get_initial_stats" time="0.115" /><testcase classname="tests.test_documentation_module" name="test_03_create_sheet" time="0.120" /><testcase classname="tests.test_documentation_module" name="test_04_create_document" time="0.108" /><testcase classname="tests.test_documentation_module" name="test_05_get_all_documents" time="0.116" /><testcase classname="tests.test_documentation_module" name="test_06_get_sheets_only" time="0.126" /><testcase classname="tests.test_documentation_module" name="test_07_get_docs_only" time="0.121" /><testcase classname="tests.test_documentation_module" name="test_08_update_sheet" time="0.135" /><testcase classname="tests.test_documentation_module" name="test_09_verify_update_persisted" time="0.115" /><testcase classname="tests.test_documentation_module" name="test_10_stats_after_creation" time="0.117" /><testcase classname="tests.test_documentation_module" name="test_11_delete_document" time="0.106" /><testcase classname="tests.test_documentation_module" name="test_12_verify_delete" time="0.112" /><testcase classname="tests.test_documentation_module" name="test_13_auth_required_for_stats" time="0.104" /><testcase classname="tests.test_documentation_module" name="test_14_auth_required_for_documents" time="0.102" /><testcase classname="tests.test_documentation_module" name="test_15_cleanup_test_data" time="0.121" /></testsuite></testsuites>