<?xml version="1.0" encoding="utf-8"?><testsuites name="pytest tests"><testsuite name="pytest" errors="0" failures="0" skipped="0" tests="15" time="7.172" timestamp="2026-04-03T04:51:33.037006+00:00" hostname="agent-env-add78f51-69e7-48ba-93bb-9b25a564b93b"><testcase classname="backend.tests.test_employee_reviews.TestEmployeeReviewsAPI" name="test_get_employees_for_review" time="0.544" /><testcase classname="backend.tests.test_employee_reviews.TestEmployeeReviewsAPI" name="test_get_employee_review_summary_monthly" time="0.434" /><testcase classname="backend.tests.test_employee_reviews.TestEmployeeReviewsAPI" name="test_get_employee_review_summary_quarterly" time="0.438" /><testcase classname="backend.tests.test_employee_reviews.TestEmployeeReviewsAPI" name="test_get_employee_review_summary_yearly" time="0.417" /><testcase classname="backend.tests.test_employee_reviews.TestEmployeeReviewsAPI" name="test_get_employee_tasks_all" time="0.422" /><testcase classname="backend.tests.test_employee_reviews.TestEmployeeReviewsAPI" name="test_get_employee_tasks_on_time_filter" time="0.431" /><testcase classname="backend.tests.test_employee_reviews.TestEmployeeReviewsAPI" name="test_get_employee_tasks_overdue_filter" time="0.455" /><testcase classname="backend.tests.test_employee_reviews.TestPerformanceReviewsCRUD" name="test_create_performance_review_hr" time="0.470" /><testcase classname="backend.tests.test_employee_reviews.TestPerformanceReviewsCRUD" name="test_create_performance_review_operations" time="0.467" /><testcase classname="backend.tests.test_employee_reviews.TestPerformanceReviewsCRUD" name="test_create_performance_review_ceo" time="0.508" /><testcase classname="backend.tests.test_employee_reviews.TestPerformanceReviewsCRUD" name="test_create_review_with_5_star_rating" time="0.452" /><testcase classname="backend.tests.test_employee_reviews.TestPerformanceReviewsCRUD" name="test_get_performance_reviews_with_filters" time="0.522" /><testcase classname="backend.tests.test_employee_reviews.TestPerformanceReviewsCRUD" name="test_update_performance_review" time="0.511" /><testcase classname="backend.tests.test_employee_reviews.TestPerformanceReviewsCRUD" name="test_delete_performance_review" time="0.514" /><testcase classname="backend.tests.test_employee_reviews.TestPerformanceReviewsCRUD" name="test_duplicate_review_prevention" time="0.509" /></testsuite></testsuites>