<?xml version="1.0" encoding="utf-8"?><testsuites name="pytest tests"><testsuite name="pytest" errors="0" failures="0" skipped="0" tests="19" time="4.853" timestamp="2026-02-20T20:13:56.653540+00:00" hostname="agent-env-17bdf3f4-fe51-4024-a407-740f343efea2"><testcase classname="tests.test_expense_module.TestAuth" name="test_login_success" time="0.520" /><testcase classname="tests.test_expense_module.TestBankAccounts" name="test_initialize_expense_data" time="0.471" /><testcase classname="tests.test_expense_module.TestBankAccounts" name="test_get_bank_accounts" time="0.082" /><testcase classname="tests.test_expense_module.TestBankAccounts" name="test_bank_account_has_balance_fields" time="0.063" /><testcase classname="tests.test_expense_module.TestExpenseCategories" name="test_get_expense_categories" time="0.468" /><testcase classname="tests.test_expense_module.TestCashflowView" name="test_get_cashflow_default" time="0.425" /><testcase classname="tests.test_expense_module.TestCashflowView" name="test_get_cashflow_with_month_filter" time="0.073" /><testcase classname="tests.test_expense_module.TestCashflowView" name="test_cashflow_includes_bank_accounts" time="0.064" /><testcase classname="tests.test_expense_module.TestMasterExpenseView" name="test_get_master_view_default" time="0.427" /><testcase classname="tests.test_expense_module.TestMasterExpenseView" name="test_get_master_view_with_fy_year" time="0.069" /><testcase classname="tests.test_expense_module.TestMasterExpenseView" name="test_master_view_category_has_monthly_breakdown" time="0.076" /><testcase classname="tests.test_expense_module.TestIncomeEntry" name="test_get_income_entries" time="0.441" /><testcase classname="tests.test_expense_module.TestIncomeEntry" name="test_create_income_entry" time="0.132" /><testcase classname="tests.test_expense_module.TestIncomeEntry" name="test_income_entries_with_month_filter" time="0.077" /><testcase classname="tests.test_expense_module.TestExpenseSummary" name="test_get_expense_summary" time="0.519" /><testcase classname="tests.test_expense_module.TestPayrollView" name="test_get_payroll_view" time="0.418" /><testcase classname="tests.test_expense_module.TestUnauthorizedAccess" name="test_bank_accounts_without_auth" time="0.124" /><testcase classname="tests.test_expense_module.TestUnauthorizedAccess" name="test_categories_without_auth" time="0.122" /><testcase classname="tests.test_expense_module.TestUnauthorizedAccess" name="test_cashflow_without_auth" time="0.172" /></testsuite></testsuites>