<?xml version="1.0" encoding="utf-8"?><testsuites name="pytest tests"><testsuite name="pytest" errors="0" failures="0" skipped="0" tests="21" time="9.658" timestamp="2026-02-21T01:10:26.534959+00:00" hostname="agent-env-17bdf3f4-fe51-4024-a407-740f343efea2"><testcase classname="backend.tests.test_expense_module.TestExpenseModuleAuth" name="test_login_returns_token" time="0.818" /><testcase classname="backend.tests.test_expense_module.TestBankAccounts" name="test_get_bank_accounts" time="0.451" /><testcase classname="backend.tests.test_expense_module.TestBankAccounts" name="test_bank_accounts_include_required_types" time="0.406" /><testcase classname="backend.tests.test_expense_module.TestExpenseCategories" name="test_get_expense_categories" time="0.419" /><testcase classname="backend.tests.test_expense_module.TestExpenseCategories" name="test_categories_include_required_types" time="0.399" /><testcase classname="backend.tests.test_expense_module.TestExpenseCategories" name="test_create_category" time="0.390" /><testcase classname="backend.tests.test_expense_module.TestExpenseEntries" name="test_get_expense_entries" time="0.407" /><testcase classname="backend.tests.test_expense_module.TestExpenseEntries" name="test_get_entries_by_category" time="0.478" /><testcase classname="backend.tests.test_expense_module.TestMasterView" name="test_get_master_view" time="0.409" /><testcase classname="backend.tests.test_expense_module.TestMasterView" name="test_master_view_with_fy_year" time="0.418" /><testcase classname="backend.tests.test_expense_module.TestMasterView" name="test_grand_total_calculation" time="0.388" /><testcase classname="backend.tests.test_expense_module.TestCashflow" name="test_get_cashflow" time="0.385" /><testcase classname="backend.tests.test_expense_module.TestCashflow" name="test_cashflow_with_month_filter" time="0.452" /><testcase classname="backend.tests.test_expense_module.TestCashflow" name="test_cashflow_credit_structure" time="0.421" /><testcase classname="backend.tests.test_expense_module.TestCashflow" name="test_cashflow_debit_structure" time="0.412" /><testcase classname="backend.tests.test_expense_module.TestIncomeEndpoints" name="test_get_income_entries" time="0.500" /><testcase classname="backend.tests.test_expense_module.TestIncomeEndpoints" name="test_create_income_entry" time="0.495" /><testcase classname="backend.tests.test_expense_module.TestPaymentEndpoints" name="test_get_payments" time="0.515" /><testcase classname="backend.tests.test_expense_module.TestPaymentEndpoints" name="test_create_payment" time="0.525" /><testcase classname="backend.tests.test_expense_module.TestExpenseSummary" name="test_get_summary" time="0.473" /><testcase classname="backend.tests.test_expense_module.TestInitialize" name="test_initialize_data" time="0.412" /></testsuite></testsuites>