<?xml version="1.0" encoding="utf-8"?><testsuites name="pytest tests"><testsuite name="pytest" errors="0" failures="0" skipped="0" tests="21" time="9.832" timestamp="2026-02-21T02:19:14.338702+00:00" hostname="agent-env-a5364eef-f88e-4f48-a6ba-3f7949258c98"><testcase classname="backend.tests.test_expense_module.TestExpenseModuleAuth" name="test_login_returns_token" time="0.735" /><testcase classname="backend.tests.test_expense_module.TestBankAccounts" name="test_get_bank_accounts" time="0.426" /><testcase classname="backend.tests.test_expense_module.TestBankAccounts" name="test_bank_accounts_include_required_types" time="0.551" /><testcase classname="backend.tests.test_expense_module.TestExpenseCategories" name="test_get_expense_categories" time="0.390" /><testcase classname="backend.tests.test_expense_module.TestExpenseCategories" name="test_categories_include_required_types" time="0.401" /><testcase classname="backend.tests.test_expense_module.TestExpenseCategories" name="test_create_category" time="0.432" /><testcase classname="backend.tests.test_expense_module.TestExpenseEntries" name="test_get_expense_entries" time="0.447" /><testcase classname="backend.tests.test_expense_module.TestExpenseEntries" name="test_get_entries_by_category" time="0.451" /><testcase classname="backend.tests.test_expense_module.TestMasterView" name="test_get_master_view" time="0.410" /><testcase classname="backend.tests.test_expense_module.TestMasterView" name="test_master_view_with_fy_year" time="0.457" /><testcase classname="backend.tests.test_expense_module.TestMasterView" name="test_grand_total_calculation" time="0.399" /><testcase classname="backend.tests.test_expense_module.TestCashflow" name="test_get_cashflow" time="0.473" /><testcase classname="backend.tests.test_expense_module.TestCashflow" name="test_cashflow_with_month_filter" time="0.437" /><testcase classname="backend.tests.test_expense_module.TestCashflow" name="test_cashflow_credit_structure" time="0.415" /><testcase classname="backend.tests.test_expense_module.TestCashflow" name="test_cashflow_debit_structure" time="0.469" /><testcase classname="backend.tests.test_expense_module.TestIncomeEndpoints" name="test_get_income_entries" time="0.494" /><testcase classname="backend.tests.test_expense_module.TestIncomeEndpoints" name="test_create_income_entry" time="0.456" /><testcase classname="backend.tests.test_expense_module.TestPaymentEndpoints" name="test_get_payments" time="0.515" /><testcase classname="backend.tests.test_expense_module.TestPaymentEndpoints" name="test_create_payment" time="0.565" /><testcase classname="backend.tests.test_expense_module.TestExpenseSummary" name="test_get_summary" time="0.396" /><testcase classname="backend.tests.test_expense_module.TestInitialize" name="test_initialize_data" time="0.454" /></testsuite></testsuites>