<?xml version="1.0" encoding="utf-8"?><testsuites name="pytest tests"><testsuite name="pytest" errors="0" failures="0" skipped="0" tests="15" time="1.072" timestamp="2026-01-12T10:14:04.283528+00:00" hostname="agent-env-e27e24f8-bb5b-4069-a85e-d22afdde20c0"><testcase classname="tests.test_google_docs_integration.TestGoogleDocsAPI" name="test_get_project_documents_empty" time="0.407" /><testcase classname="tests.test_google_docs_integration.TestGoogleDocsAPI" name="test_add_google_sheet_to_project" time="0.011" /><testcase classname="tests.test_google_docs_integration.TestGoogleDocsAPI" name="test_add_google_doc_to_project" time="0.013" /><testcase classname="tests.test_google_docs_integration.TestGoogleDocsAPI" name="test_add_invalid_url_fails" time="0.011" /><testcase classname="tests.test_google_docs_integration.TestGoogleDocsAPI" name="test_add_duplicate_document_fails" time="0.051" /><testcase classname="tests.test_google_docs_integration.TestGoogleDocsAPI" name="test_get_project_documents_with_docs" time="0.008" /><testcase classname="tests.test_google_docs_integration.TestGoogleDocsAPI" name="test_update_document_name" time="0.008" /><testcase classname="tests.test_google_docs_integration.TestGoogleDocsAPI" name="test_delete_document" time="0.016" /><testcase classname="tests.test_google_docs_integration.TestGoogleDocsAPI" name="test_get_project_activity" time="0.049" /><testcase classname="tests.test_google_docs_integration.TestGoogleDocsAPI" name="test_document_not_found" time="0.009" /><testcase classname="tests.test_google_docs_integration.TestGoogleDocsAPI" name="test_project_not_found_for_document" time="0.049" /><testcase classname="tests.test_google_docs_integration.TestURLParsing" name="test_standard_sheets_url" time="0.063" /><testcase classname="tests.test_google_docs_integration.TestURLParsing" name="test_standard_docs_url" time="0.062" /><testcase classname="tests.test_google_docs_integration.TestTaskDocumentLinking" name="test_link_document_to_task" time="0.071" /><testcase classname="tests.test_google_docs_integration.TestTaskDocumentLinking" name="test_unlink_document_from_task" time="0.172" /></testsuite></testsuites>