<?xml version="1.0" encoding="utf-8"?><testsuites name="pytest tests"><testsuite name="pytest" errors="0" failures="1" skipped="0" tests="19" time="37.368" timestamp="2026-04-02T04:04:14.128084+00:00" hostname="agent-env-add78f51-69e7-48ba-93bb-9b25a564b93b"><testcase classname="backend.tests.test_hr_attendance_module.TestHRAttendanceModule" name="test_get_today_attendance" time="1.919" /><testcase classname="backend.tests.test_hr_attendance_module.TestHRAttendanceModule" name="test_attendance_settings_values" time="1.808" /><testcase classname="backend.tests.test_hr_attendance_module.TestHRAttendanceModule" name="test_get_attendance_history" time="2.479" /><testcase classname="backend.tests.test_hr_attendance_module.TestHRAttendanceModule" name="test_attendance_history_with_month_filter" time="2.527" /><testcase classname="backend.tests.test_hr_attendance_module.TestHRAttendanceModule" name="test_get_leave_balance" time="2.060" /><testcase classname="backend.tests.test_hr_attendance_module.TestHRAttendanceModule" name="test_create_leave_request" time="2.039" /><testcase classname="backend.tests.test_hr_attendance_module.TestHRAttendanceModule" name="test_get_my_leave_requests" time="1.555" /><testcase classname="backend.tests.test_hr_attendance_module.TestHRAttendanceModule" name="test_create_permission_request" time="1.582" /><testcase classname="backend.tests.test_hr_attendance_module.TestHRAttendanceModule" name="test_get_permission_requests" time="1.589" /><testcase classname="backend.tests.test_hr_attendance_module.TestHRAttendanceModule" name="test_get_my_profile" time="2.018" /><testcase classname="backend.tests.test_hr_attendance_module.TestHRAttendanceModule" name="test_get_my_payslips" time="1.559" /><testcase classname="backend.tests.test_hr_attendance_module.TestHRAttendanceModule" name="test_get_my_reviews" time="1.583" /><testcase classname="backend.tests.test_hr_attendance_module.TestHRAttendanceModule" name="test_admin_get_pending_approvals" time="2.015" /><testcase classname="backend.tests.test_hr_attendance_module.TestHRAttendanceModule" name="test_admin_get_all_attendance" time="1.814" /><testcase classname="backend.tests.test_hr_attendance_module.TestHRAttendanceModule" name="test_admin_get_hr_settings" time="1.543" /><testcase classname="backend.tests.test_hr_attendance_module.TestHRAttendanceModule" name="test_admin_get_calendar" time="1.793"><failure message="AssertionError: Expected 200, got 500: Internal Server Error&#10;assert 500 == 200&#10; +  where 500 = &lt;Response [500]&gt;.status_code">backend/tests/test_hr_attendance_module.py:278: in test_admin_get_calendar
    assert response.status_code == 200, f"Expected 200, got {response.status_code}: {response.text}"
E   AssertionError: Expected 200, got 500: Internal Server Error
E   assert 500 == 200
E    +  where 500 = &lt;Response [500]&gt;.status_code</failure></testcase><testcase classname="backend.tests.test_hr_attendance_module.TestHRAttendanceModule" name="test_get_attendance_report" time="1.561" /><testcase classname="backend.tests.test_hr_attendance_module.TestHRAttendanceWorkflow" name="test_attendance_data_consistency" time="3.518" /><testcase classname="backend.tests.test_hr_attendance_module.TestHRAttendanceWorkflow" name="test_leave_balance_consistency" time="2.305" /></testsuite></testsuites>