<?xml version="1.0" encoding="utf-8"?><testsuites name="pytest tests"><testsuite name="pytest" errors="0" failures="0" skipped="0" tests="13" time="54.414" timestamp="2026-04-02T03:02:26.971676+00:00" hostname="agent-env-add78f51-69e7-48ba-93bb-9b25a564b93b"><testcase classname="backend.tests.test_hr_admin_create_employee.TestHRAdminCreateEmployee" name="test_hr_admin_dashboard_stats" time="4.506" /><testcase classname="backend.tests.test_hr_admin_create_employee.TestHRAdminCreateEmployee" name="test_hr_admin_employees_list" time="4.318" /><testcase classname="backend.tests.test_hr_admin_create_employee.TestHRAdminCreateEmployee" name="test_create_employee_basic" time="2.485" /><testcase classname="backend.tests.test_hr_admin_create_employee.TestHRAdminCreateEmployee" name="test_create_employee_full_details" time="2.438" /><testcase classname="backend.tests.test_hr_admin_create_employee.TestHRAdminCreateEmployee" name="test_new_employee_can_login" time="3.311" /><testcase classname="backend.tests.test_hr_admin_create_employee.TestHRAdminCreateEmployee" name="test_create_employee_with_different_roles" time="9.115" /><testcase classname="backend.tests.test_hr_admin_create_employee.TestHRAdminCreateEmployee" name="test_create_employee_duplicate_email_fails" time="3.226" /><testcase classname="backend.tests.test_hr_admin_create_employee.TestHRAdminCreateEmployee" name="test_create_employee_missing_required_fields" time="0.897" /><testcase classname="backend.tests.test_hr_admin_create_employee.TestHRAdminCreateEmployee" name="test_employee_profile_created" time="3.267" /><testcase classname="backend.tests.test_hr_admin_create_employee.TestHRAdminCreateEmployee" name="test_employee_appears_in_list" time="13.532" /><testcase classname="backend.tests.test_hr_admin_create_employee.TestHRAdminCreateEmployee" name="test_non_admin_cannot_create_employee" time="4.177" /><testcase classname="backend.tests.test_hr_admin_create_employee.TestHRAdminLeaveRequests" name="test_get_all_leave_requests" time="1.525" /><testcase classname="backend.tests.test_hr_admin_create_employee.TestHRAdminLeaveRequests" name="test_get_pending_leave_requests" time="1.543" /></testsuite></testsuites>