<?xml version="1.0" encoding="utf-8"?><testsuites name="pytest tests"><testsuite name="pytest" errors="0" failures="0" skipped="2" tests="12" time="2.320" timestamp="2026-02-21T04:19:45.263809+00:00" hostname="agent-env-bb563e8d-ec0a-42c1-baaf-6bc1b5797cf4"><testcase classname="backend.tests.test_hr_attendance_and_expense_filters.TestHRAttendance" name="test_01_get_today_attendance" time="0.477" /><testcase classname="backend.tests.test_hr_attendance_and_expense_filters.TestHRAttendance" name="test_02_clock_in_office" time="0.101"><skipped type="pytest.skip" message="Already completed attendance today">/app/backend/tests/test_hr_attendance_and_expense_filters.py:54: Already completed attendance today</skipped></testcase><testcase classname="backend.tests.test_hr_attendance_and_expense_filters.TestHRAttendance" name="test_03_clock_out_with_manual_time" time="0.109"><skipped type="pytest.skip" message="Already clocked out today">/app/backend/tests/test_hr_attendance_and_expense_filters.py:92: Already clocked out today</skipped></testcase><testcase classname="backend.tests.test_hr_attendance_and_expense_filters.TestHRAttendance" name="test_04_attendance_history" time="0.119" /><testcase classname="backend.tests.test_hr_attendance_and_expense_filters.TestHRAttendance" name="test_05_clock_out_request_model" time="0.123" /><testcase classname="backend.tests.test_hr_attendance_and_expense_filters.TestExpenseViewFilters" name="test_01_expense_entries_without_filters" time="0.434" /><testcase classname="backend.tests.test_hr_attendance_and_expense_filters.TestExpenseViewFilters" name="test_02_expense_entries_with_month_year_filter" time="0.132" /><testcase classname="backend.tests.test_hr_attendance_and_expense_filters.TestExpenseViewFilters" name="test_03_expense_entries_with_category_and_date_filter" time="0.288" /><testcase classname="backend.tests.test_hr_attendance_and_expense_filters.TestExpenseViewFilters" name="test_04_expense_categories" time="0.117" /><testcase classname="backend.tests.test_hr_attendance_and_expense_filters.TestExpenseViewFilters" name="test_05_cashflow_with_month_year" time="0.128" /><testcase classname="backend.tests.test_hr_attendance_and_expense_filters.TestExpenseViewFilters" name="test_06_budget_monthly_with_filters" time="0.117" /><testcase classname="backend.tests.test_hr_attendance_and_expense_filters.TestExpenseViewFilters" name="test_07_dashboard_summary_with_filters" time="0.125" /></testsuite></testsuites>