<?xml version="1.0" encoding="utf-8"?><testsuites name="pytest tests"><testsuite name="pytest" errors="0" failures="1" skipped="0" tests="20" time="12.465" timestamp="2026-01-09T04:56:34.720368+00:00" hostname="agent-env-3af1df9b-424d-4ebc-88e7-a5cb603f8884"><testcase classname="tests.test_hr_module.TestHRModule" name="test_01_admin_login" time="0.799" /><testcase classname="tests.test_hr_module.TestHRModule" name="test_02_employee_login" time="0.811" /><testcase classname="tests.test_hr_module.TestHRModule" name="test_03_admin_dashboard_stats" time="0.556" /><testcase classname="tests.test_hr_module.TestHRModule" name="test_04_admin_get_all_employees" time="0.560" /><testcase classname="tests.test_hr_module.TestHRModule" name="test_05_admin_attendance_overview" time="0.637" /><testcase classname="tests.test_hr_module.TestHRModule" name="test_06_employee_get_profile" time="0.550" /><testcase classname="tests.test_hr_module.TestHRModule" name="test_07_employee_today_attendance" time="0.556" /><testcase classname="tests.test_hr_module.TestHRModule" name="test_08_employee_clock_in" time="0.847" /><testcase classname="tests.test_hr_module.TestHRModule" name="test_09_employee_clock_out" time="0.591"><failure message="AssertionError: Clock-out failed: Internal Server Error&#10;assert 520 == 200&#10; +  where 520 = &lt;Response [520]&gt;.status_code">tests/test_hr_module.py:210: in test_09_employee_clock_out
    assert response.status_code == 200, f"Clock-out failed: {response.text}"
E   AssertionError: Clock-out failed: Internal Server Error
E   assert 520 == 200
E    +  where 520 = &lt;Response [520]&gt;.status_code</failure></testcase><testcase classname="tests.test_hr_module.TestHRModule" name="test_10_employee_attendance_history" time="0.547" /><testcase classname="tests.test_hr_module.TestHRModule" name="test_11_employee_leave_balance" time="0.546" /><testcase classname="tests.test_hr_module.TestHRModule" name="test_12_employee_create_leave_request" time="0.548" /><testcase classname="tests.test_hr_module.TestHRModule" name="test_13_employee_my_leave_requests" time="0.595" /><testcase classname="tests.test_hr_module.TestHRModule" name="test_14_admin_pending_leave_requests" time="0.547" /><testcase classname="tests.test_hr_module.TestHRModule" name="test_15_admin_all_leave_requests" time="0.543" /><testcase classname="tests.test_hr_module.TestHRModule" name="test_16_admin_approve_leave_request" time="0.551" /><testcase classname="tests.test_hr_module.TestHRModule" name="test_17_admin_update_employee_profile" time="0.565" /><testcase classname="tests.test_hr_module.TestHRModule" name="test_18_employee_cannot_access_admin_endpoints" time="0.587" /><testcase classname="tests.test_hr_module.TestHRModule" name="test_19_employee_cannot_approve_leave" time="0.587" /><testcase classname="tests.test_hr_module.TestHRModule" name="test_99_cleanup" time="0.837" /></testsuite></testsuites>