<?xml version="1.0" encoding="utf-8"?><testsuites name="pytest tests"><testsuite name="pytest" errors="0" failures="0" skipped="0" tests="13" time="2.788" timestamp="2026-02-21T04:49:16.217677+00:00" hostname="agent-env-bb563e8d-ec0a-42c1-baaf-6bc1b5797cf4"><testcase classname="backend.tests.test_invoice_module.TestInvoiceEndpoints" name="test_create_invoice" time="0.700" /><testcase classname="backend.tests.test_invoice_module.TestInvoiceEndpoints" name="test_create_invoice_validation" time="0.116" /><testcase classname="backend.tests.test_invoice_module.TestInvoiceEndpoints" name="test_get_all_invoices" time="0.221" /><testcase classname="backend.tests.test_invoice_module.TestInvoiceEndpoints" name="test_get_invoices_with_status_filter" time="0.115" /><testcase classname="backend.tests.test_invoice_module.TestInvoiceEndpoints" name="test_get_single_invoice" time="0.109" /><testcase classname="backend.tests.test_invoice_module.TestInvoiceEndpoints" name="test_get_invoice_pdf_data" time="0.108" /><testcase classname="backend.tests.test_invoice_module.TestInvoiceEndpoints" name="test_duplicate_invoice" time="0.217" /><testcase classname="backend.tests.test_invoice_module.TestInvoiceEndpoints" name="test_delete_invoice" time="0.349" /><testcase classname="backend.tests.test_invoice_module.TestInvoiceEndpoints" name="test_get_nonexistent_invoice" time="0.113" /><testcase classname="backend.tests.test_invoice_module.TestInvoiceItemCalculations" name="test_invoice_with_discount_and_gst" time="0.216" /><testcase classname="backend.tests.test_invoice_module.TestFinanceReports" name="test_revenue_stats" time="0.112" /><testcase classname="backend.tests.test_invoice_module.TestFinanceReports" name="test_gst_report" time="0.116" /><testcase classname="backend.tests.test_invoice_module.TestLeadsIntegration" name="test_get_leads_for_client_selection" time="0.221" /></testsuite></testsuites>