<?xml version="1.0" encoding="utf-8"?><testsuites name="pytest tests"><testsuite name="pytest" errors="0" failures="0" skipped="0" tests="7" time="1.271" timestamp="2026-06-11T18:38:48.961822+00:00" hostname="agent-env-add78f51-69e7-48ba-93bb-9b25a564b93b"><testcase classname="backend.tests.test_clients_invoices" name="test_login_and_clients_list" time="0.426" /><testcase classname="backend.tests.test_clients_invoices" name="test_create_client_persists" time="0.096" /><testcase classname="backend.tests.test_clients_invoices" name="test_duplicate_display_name_returns_400" time="0.049" /><testcase classname="backend.tests.test_clients_invoices" name="test_update_client" time="0.098" /><testcase classname="backend.tests.test_clients_invoices" name="test_migrate_idempotent" time="0.099" /><testcase classname="backend.tests.test_clients_invoices" name="test_invoice_with_client_id" time="0.217" /><testcase classname="backend.tests.test_clients_invoices" name="test_delete_client_with_no_invoices" time="0.222" /></testsuite></testsuites>