<?xml version="1.0" encoding="utf-8"?><testsuites name="pytest tests"><testsuite name="pytest" errors="0" failures="0" skipped="0" tests="4" time="1.320" timestamp="2026-06-15T10:06:58.334275+00:00" hostname="agent-env-add78f51-69e7-48ba-93bb-9b25a564b93b"><testcase classname="backend.tests.test_payroll_auto_budget.TestPayrollAutoBudget" name="test_payroll_sub_present" time="0.588" /><testcase classname="backend.tests.test_payroll_auto_budget.TestPayrollAutoBudget" name="test_payroll_auto_budget_value" time="0.228" /><testcase classname="backend.tests.test_payroll_auto_budget.TestPayrollAutoBudget" name="test_manual_override_takes_precedence_and_restore" time="0.324" /><testcase classname="backend.tests.test_payroll_auto_budget.TestPayrollAutoBudget" name="test_overhead_top_includes_payroll_auto" time="0.134" /></testsuite></testsuites>