<?xml version="1.0" encoding="utf-8"?><testsuites name="pytest tests"><testsuite name="pytest" errors="0" failures="0" skipped="0" tests="29" time="2.655" timestamp="2026-06-14T04:29:02.536332+00:00" hostname="agent-env-add78f51-69e7-48ba-93bb-9b25a564b93b"><testcase classname="backend.tests.test_finance_invoice_raise_regression.TestInvoiceRequests" name="test_create_invoice_request_gst" time="0.502" /><testcase classname="backend.tests.test_finance_invoice_raise_regression.TestInvoiceRequests" name="test_create_invoice_request_validation_missing_company" time="0.047" /><testcase classname="backend.tests.test_finance_invoice_raise_regression.TestInvoiceRequests" name="test_create_invoice_request_validation_bad_gst" time="0.050" /><testcase classname="backend.tests.test_finance_invoice_raise_regression.TestInvoiceRequests" name="test_list_invoice_requests_pending_filter" time="0.049" /><testcase classname="backend.tests.test_finance_invoice_raise_regression.TestInvoiceRequests" name="test_patch_invoice_request" time="0.049" /><testcase classname="backend.tests.test_finance_invoice_raise_regression.TestInvoiceRequests" name="test_mark_invoiced" time="0.148" /><testcase classname="backend.tests.test_finance_invoice_raise_regression.TestInvoiceRequests" name="test_delete_invoice_request_soft" time="0.146" /><testcase classname="backend.tests.test_finance_invoice_raise_regression.TestBanks" name="test_list_banks" time="0.046" /><testcase classname="backend.tests.test_finance_invoice_raise_regression.TestBanks" name="test_create_gst_bank" time="0.046" /><testcase classname="backend.tests.test_finance_invoice_raise_regression.TestBanks" name="test_create_non_gst_bank" time="0.048" /><testcase classname="backend.tests.test_finance_invoice_raise_regression.TestBanks" name="test_create_bank_validation" time="0.092" /><testcase classname="backend.tests.test_finance_invoice_raise_regression.TestBanks" name="test_filter_by_gst_type" time="0.046" /><testcase classname="backend.tests.test_finance_invoice_raise_regression.TestBanks" name="test_update_bank" time="0.048" /><testcase classname="backend.tests.test_finance_invoice_raise_regression.TestCashbook" name="test_list_entries_gst" time="0.048" /><testcase classname="backend.tests.test_finance_invoice_raise_regression.TestCashbook" name="test_list_entries_invalid_gst" time="0.046" /><testcase classname="backend.tests.test_finance_invoice_raise_regression.TestCashbook" name="test_create_credit_entry_cash" time="0.049" /><testcase classname="backend.tests.test_finance_invoice_raise_regression.TestCashbook" name="test_create_entry_bank_gst_mismatch" time="0.092" /><testcase classname="backend.tests.test_finance_invoice_raise_regression.TestCashbook" name="test_balances_endpoint" time="0.051" /><testcase classname="backend.tests.test_finance_invoice_raise_regression.TestExpenseAllocator" name="test_expense_within_balance" time="0.047" /><testcase classname="backend.tests.test_finance_invoice_raise_regression.TestExpenseAllocator" name="test_expense_exceeds_balance" time="0.049" /><testcase classname="backend.tests.test_finance_invoice_raise_regression.TestExpenseAllocator" name="test_expense_invalid_source" time="0.046" /><testcase classname="backend.tests.test_finance_invoice_raise_regression.TestDashboard" name="test_bank_breakdown_shape" time="0.051" /><testcase classname="backend.tests.test_finance_invoice_raise_regression.TestInvoiceCollect" name="test_collect_single_source_cash" time="0.095" /><testcase classname="backend.tests.test_finance_invoice_raise_regression.TestInvoiceCollect" name="test_collect_subsequent_outstanding" time="0.052" /><testcase classname="backend.tests.test_finance_invoice_raise_regression.TestInvoiceCollect" name="test_collect_bank_gst_mismatch" time="0.095" /><testcase classname="backend.tests.test_finance_invoice_raise_regression.TestInvoiceCollect" name="test_collect_multi_source" time="0.048" /><testcase classname="backend.tests.test_finance_invoice_raise_regression.TestLeadsV2" name="test_stages_endpoint" time="0.047" /><testcase classname="backend.tests.test_finance_invoice_raise_regression.TestLeadsV2" name="test_create_invoice_raise_stage" time="0.048" /><testcase classname="backend.tests.test_finance_invoice_raise_regression" name="test_zz_cleanup" time="0.411" /></testsuite></testsuites>