<?xml version="1.0" encoding="utf-8"?><testsuites name="pytest tests"><testsuite name="pytest" errors="0" failures="0" skipped="0" tests="7" time="1.410" timestamp="2026-06-11T18:46:47.120209+00:00" hostname="agent-env-add78f51-69e7-48ba-93bb-9b25a564b93b"><testcase classname="backend.tests.test_clients_invoices" name="test_login_and_clients_list" time="0.568" /><testcase classname="backend.tests.test_clients_invoices" name="test_create_client_persists" time="0.105" /><testcase classname="backend.tests.test_clients_invoices" name="test_duplicate_display_name_returns_400" time="0.053" /><testcase classname="backend.tests.test_clients_invoices" name="test_update_client" time="0.106" /><testcase classname="backend.tests.test_clients_invoices" name="test_migrate_idempotent" time="0.114" /><testcase classname="backend.tests.test_clients_invoices" name="test_invoice_with_client_id" time="0.213" /><testcase classname="backend.tests.test_clients_invoices" name="test_delete_client_with_no_invoices" time="0.198" /></testsuite></testsuites>