<?xml version="1.0" encoding="utf-8"?><testsuites name="pytest tests"><testsuite name="pytest" errors="0" failures="0" skipped="0" tests="5" time="1.291" timestamp="2026-06-15T09:40:15.046730+00:00" hostname="agent-env-add78f51-69e7-48ba-93bb-9b25a564b93b"><testcase classname="backend.tests.test_budget_and_payroll.TestBudgetEndpoints" name="test_get_budgets_shape" time="0.397" /><testcase classname="backend.tests.test_budget_and_payroll.TestBudgetEndpoints" name="test_get_requires_auth" time="0.129" /><testcase classname="backend.tests.test_budget_and_payroll.TestBudgetEndpoints" name="test_put_budget_upsert_and_topsum" time="0.180" /><testcase classname="backend.tests.test_budget_and_payroll.TestBudgetEndpoints" name="test_put_invalid_category_returns_404" time="0.045" /><testcase classname="backend.tests.test_budget_and_payroll.TestBudgetSpentMath" name="test_balance_math" time="0.494" /></testsuite></testsuites>