<?xml version="1.0" encoding="utf-8"?><testsuites name="pytest tests"><testsuite name="pytest" errors="0" failures="0" skipped="0" tests="4" time="0.951" timestamp="2026-06-15T11:07:58.087991+00:00" hostname="agent-env-add78f51-69e7-48ba-93bb-9b25a564b93b"><testcase classname="backend.tests.test_payslip_preview.TestPayslipPreview" name="test_requires_auth" time="0.589" /><testcase classname="backend.tests.test_payslip_preview.TestPayslipPreview" name="test_returns_full_payload" time="0.055" /><testcase classname="backend.tests.test_payslip_preview.TestPayslipPreview" name="test_is_idempotent_no_db_write" time="0.201" /><testcase classname="backend.tests.test_payslip_preview.TestPayslipPreview" name="test_handles_unknown_user" time="0.050" /></testsuite></testsuites>