<?xml version="1.0" encoding="utf-8"?><testsuites name="pytest tests"><testsuite name="pytest" errors="0" failures="0" skipped="0" tests="4" time="1.399" timestamp="2026-06-15T12:38:28.872526+00:00" hostname="agent-env-add78f51-69e7-48ba-93bb-9b25a564b93b"><testcase classname="backend.tests.test_lead_stage_datetime.TestStageDateTime" name="test_stage_update_without_dates_still_works" time="0.715" /><testcase classname="backend.tests.test_lead_stage_datetime.TestStageDateTime" name="test_stage_update_with_appointment_at" time="0.223" /><testcase classname="backend.tests.test_lead_stage_datetime.TestStageDateTime" name="test_stage_update_with_followup_at" time="0.180" /><testcase classname="backend.tests.test_lead_stage_datetime.TestStageDateTime" name="test_lead_update_persists_notes_as_remarks" time="0.224" /></testsuite></testsuites>