<?xml version="1.0" encoding="utf-8"?><testsuites name="pytest tests"><testsuite name="pytest" errors="0" failures="0" skipped="0" tests="8" time="1.947" timestamp="2026-03-11T02:07:34.739553+00:00" hostname="agent-env-048ad8d4-6960-467a-887a-338050761d12"><testcase classname="tests.test_leads_v2_stage_reorder.TestLeadsV2StageReorder" name="test_01_get_stages" time="0.568" /><testcase classname="tests.test_leads_v2_stage_reorder.TestLeadsV2StageReorder" name="test_02_reorder_stages_endpoint" time="0.232" /><testcase classname="tests.test_leads_v2_stage_reorder.TestLeadsV2StageReorder" name="test_03_verify_reorder_persisted" time="0.113" /><testcase classname="tests.test_leads_v2_stage_reorder.TestLeadsV2StageReorder" name="test_04_restore_original_order" time="0.281" /><testcase classname="tests.test_leads_v2_stage_reorder.TestLeadsV2StageReorder" name="test_05_reorder_with_invalid_stage_id" time="0.129" /><testcase classname="tests.test_leads_v2_stage_reorder.TestLeadsV2StageReorder" name="test_06_put_stages_stage_id_still_works" time="0.355" /><testcase classname="tests.test_leads_v2_stage_reorder.TestLeadsV2Authentication" name="test_unauthenticated_stages_request" time="0.104" /><testcase classname="tests.test_leads_v2_stage_reorder.TestLeadsV2Authentication" name="test_unauthenticated_reorder_request" time="0.110" /></testsuite></testsuites>