<?xml version="1.0" encoding="utf-8"?><testsuites name="pytest tests"><testsuite name="pytest" errors="0" failures="0" skipped="0" tests="20" time="11.972" timestamp="2026-03-11T02:19:23.347936+00:00" hostname="agent-env-048ad8d4-6960-467a-887a-338050761d12"><testcase classname="backend.tests.test_leads_v2_comprehensive.TestLeadsV2Authentication" name="test_login_success" time="0.519" /><testcase classname="backend.tests.test_leads_v2_comprehensive.TestLeadsV2Stages" name="test_get_stages_returns_8_default" time="0.468" /><testcase classname="backend.tests.test_leads_v2_comprehensive.TestLeadsV2Stages" name="test_stages_have_required_fields" time="0.517" /><testcase classname="backend.tests.test_leads_v2_comprehensive.TestLeadsV2Services" name="test_get_services" time="0.484" /><testcase classname="backend.tests.test_leads_v2_comprehensive.TestLeadsV2Services" name="test_create_service" time="0.435" /><testcase classname="backend.tests.test_leads_v2_comprehensive.TestLeadsV2Services" name="test_create_duplicate_service_fails" time="0.757" /><testcase classname="backend.tests.test_leads_v2_comprehensive.TestLeadsV2Industries" name="test_get_industries" time="0.451" /><testcase classname="backend.tests.test_leads_v2_comprehensive.TestLeadsV2Industries" name="test_create_industry" time="0.465" /><testcase classname="backend.tests.test_leads_v2_comprehensive.TestLeadsV2Industries" name="test_create_duplicate_industry_fails" time="0.631" /><testcase classname="backend.tests.test_leads_v2_comprehensive.TestLeadsV2TeamMembers" name="test_get_team_members" time="0.487" /><testcase classname="backend.tests.test_leads_v2_comprehensive.TestLeadsV2Leads" name="test_create_lead_basic" time="0.576" /><testcase classname="backend.tests.test_leads_v2_comprehensive.TestLeadsV2Leads" name="test_create_lead_comprehensive" time="0.544" /><testcase classname="backend.tests.test_leads_v2_comprehensive.TestLeadsV2Leads" name="test_get_leads" time="0.606" /><testcase classname="backend.tests.test_leads_v2_comprehensive.TestLeadsV2Leads" name="test_update_lead" time="0.749" /><testcase classname="backend.tests.test_leads_v2_comprehensive.TestLeadsV2Leads" name="test_delete_lead" time="0.710" /><testcase classname="backend.tests.test_leads_v2_comprehensive.TestLeadsV2FollowUps" name="test_add_followup" time="0.701" /><testcase classname="backend.tests.test_leads_v2_comprehensive.TestLeadsV2FollowUps" name="test_get_followups" time="1.040" /><testcase classname="backend.tests.test_leads_v2_comprehensive.TestLeadsV2FollowUps" name="test_followup_requires_remarks" time="0.718" /><testcase classname="backend.tests.test_leads_v2_comprehensive.TestLeadsV2FollowUps" name="test_followup_nonexistent_lead" time="0.583" /><testcase classname="backend.tests.test_leads_v2_comprehensive.TestLeadsV2Stats" name="test_get_stats" time="0.445" /></testsuite></testsuites>