<?xml version="1.0" encoding="utf-8"?><testsuites name="pytest tests"><testsuite name="pytest" errors="0" failures="0" skipped="0" tests="23" time="5.231" timestamp="2026-01-12T11:08:45.572569+00:00" hostname="agent-env-1c7ccecc-b7c1-4c9d-a166-b8fc2bcd2396"><testcase classname="tests.test_marketing_module.TestMarketingAuth" name="test_login_admin" time="0.300" /><testcase classname="tests.test_marketing_module.TestMarketingDashboard" name="test_get_dashboard" time="0.311" /><testcase classname="tests.test_marketing_module.TestMarketingDashboard" name="test_dashboard_unauthorized" time="0.076" /><testcase classname="tests.test_marketing_module.TestMarketingAnalytics" name="test_get_analytics_7d" time="0.296" /><testcase classname="tests.test_marketing_module.TestMarketingAnalytics" name="test_get_analytics_30d" time="0.038" /><testcase classname="tests.test_marketing_module.TestMarketingBlog" name="test_get_blogs" time="0.296" /><testcase classname="tests.test_marketing_module.TestMarketingBlog" name="test_create_blog" time="0.035" /><testcase classname="tests.test_marketing_module.TestMarketingBlog" name="test_create_and_get_blog" time="0.102" /><testcase classname="tests.test_marketing_module.TestMarketingBlog" name="test_update_blog" time="0.110" /><testcase classname="tests.test_marketing_module.TestMarketingBlog" name="test_delete_blog" time="0.153" /><testcase classname="tests.test_marketing_module.TestMarketingContent" name="test_get_all_content" time="0.330" /><testcase classname="tests.test_marketing_module.TestMarketingContent" name="test_get_content_by_platform" time="0.138" /><testcase classname="tests.test_marketing_module.TestMarketingContent" name="test_create_instagram_content" time="0.074" /><testcase classname="tests.test_marketing_module.TestMarketingContent" name="test_create_linkedin_content" time="0.070" /><testcase classname="tests.test_marketing_module.TestMarketingContent" name="test_create_youtube_content" time="0.114" /><testcase classname="tests.test_marketing_module.TestMarketingContent" name="test_create_twitter_thread" time="0.072" /><testcase classname="tests.test_marketing_module.TestMarketingContent" name="test_update_content" time="0.105" /><testcase classname="tests.test_marketing_module.TestMarketingContent" name="test_delete_content" time="0.067" /><testcase classname="tests.test_marketing_module.TestMarketingEmails" name="test_get_emails_inbox" time="0.290" /><testcase classname="tests.test_marketing_module.TestMarketingEmails" name="test_get_emails_starred" time="0.033" /><testcase classname="tests.test_marketing_module.TestMarketingIntegrations" name="test_get_integrations" time="1.353" /><testcase classname="tests.test_marketing_module.TestMarketingSeedDemo" name="test_seed_demo_data" time="0.302" /><testcase classname="tests.test_marketing_module.TestMarketingSeedDemo" name="test_verify_seeded_content" time="0.418" /></testsuite></testsuites>