<?xml version="1.0" encoding="utf-8"?><testsuites name="pytest tests"><testsuite name="pytest" errors="0" failures="0" skipped="0" tests="14" time="7.775" timestamp="2026-04-05T09:47:14.817802+00:00" hostname="agent-env-add78f51-69e7-48ba-93bb-9b25a564b93b"><testcase classname="backend.tests.test_master_board_tabs.TestMasterBoardTabs" name="test_get_all_additional_tasks" time="0.485" /><testcase classname="backend.tests.test_master_board_tabs.TestMasterBoardTabs" name="test_create_additional_task" time="0.570" /><testcase classname="backend.tests.test_master_board_tabs.TestMasterBoardTabs" name="test_update_additional_task_status" time="0.683" /><testcase classname="backend.tests.test_master_board_tabs.TestMasterBoardTabs" name="test_add_time_to_additional_task" time="0.603" /><testcase classname="backend.tests.test_master_board_tabs.TestMasterBoardTabs" name="test_delete_additional_task" time="0.541" /><testcase classname="backend.tests.test_master_board_tabs.TestMasterBoardTabs" name="test_invalid_status_additional_task" time="0.595" /><testcase classname="backend.tests.test_master_board_tabs.TestMasterBoardTabs" name="test_get_all_meetings" time="0.489" /><testcase classname="backend.tests.test_master_board_tabs.TestMasterBoardTabs" name="test_create_meeting" time="0.531" /><testcase classname="backend.tests.test_master_board_tabs.TestMasterBoardTabs" name="test_update_meeting_status" time="0.608" /><testcase classname="backend.tests.test_master_board_tabs.TestMasterBoardTabs" name="test_delete_meeting" time="0.670" /><testcase classname="backend.tests.test_master_board_tabs.TestMasterBoardTabs" name="test_get_upcoming_meetings" time="0.458" /><testcase classname="backend.tests.test_master_board_tabs.TestMasterBoardTabs" name="test_get_my_meetings" time="0.452" /><testcase classname="backend.tests.test_master_board_tabs.TestMasterBoardTabs" name="test_invalid_meeting_status" time="0.576" /><testcase classname="backend.tests.test_master_board_tabs.TestMasterBoardTabs" name="test_calendar_status" time="0.447" /></testsuite></testsuites>