<?xml version="1.0" encoding="utf-8"?><testsuites name="pytest tests"><testsuite name="pytest" errors="0" failures="0" skipped="0" tests="23" time="3.956" timestamp="2026-03-10T18:01:25.034779+00:00" hostname="agent-env-ba63fde9-375c-47bd-bb41-fee31201763d"><testcase classname="backend.tests.test_meta_ads_module.TestMetaAdsModule" name="test_get_campaigns_initial" time="0.721" /><testcase classname="backend.tests.test_meta_ads_module.TestMetaAdsModule" name="test_create_campaign_success" time="0.112" /><testcase classname="backend.tests.test_meta_ads_module.TestMetaAdsModule" name="test_create_campaign_validation" time="0.133" /><testcase classname="backend.tests.test_meta_ads_module.TestMetaAdsModule" name="test_get_single_campaign" time="0.228" /><testcase classname="backend.tests.test_meta_ads_module.TestMetaAdsModule" name="test_update_campaign" time="0.146" /><testcase classname="backend.tests.test_meta_ads_module.TestMetaAdsModule" name="test_create_ad_success" time="0.139" /><testcase classname="backend.tests.test_meta_ads_module.TestMetaAdsModule" name="test_update_ad_status" time="0.126" /><testcase classname="backend.tests.test_meta_ads_module.TestMetaAdsModule" name="test_update_ad_creative_status" time="0.162" /><testcase classname="backend.tests.test_meta_ads_module.TestMetaAdsModule" name="test_update_ad_ad_status" time="0.133" /><testcase classname="backend.tests.test_meta_ads_module.TestMetaAdsModule" name="test_update_ad_leads_count" time="0.123" /><testcase classname="backend.tests.test_meta_ads_module.TestMetaAdsModule" name="test_get_custom_attributes" time="0.121" /><testcase classname="backend.tests.test_meta_ads_module.TestMetaAdsModule" name="test_create_custom_attribute_select" time="0.189" /><testcase classname="backend.tests.test_meta_ads_module.TestMetaAdsModule" name="test_create_custom_attribute_text" time="0.119" /><testcase classname="backend.tests.test_meta_ads_module.TestMetaAdsModule" name="test_add_attribute_option" time="0.139" /><testcase classname="backend.tests.test_meta_ads_module.TestMetaAdsModule" name="test_delete_custom_attribute" time="0.139" /><testcase classname="backend.tests.test_meta_ads_module.TestMetaAdsModule" name="test_get_stats" time="0.120" /><testcase classname="backend.tests.test_meta_ads_module.TestMetaAdsModule" name="test_get_monthly_stats" time="0.133" /><testcase classname="backend.tests.test_meta_ads_module.TestMetaAdsModule" name="test_filter_campaigns_by_month" time="0.139" /><testcase classname="backend.tests.test_meta_ads_module.TestMetaAdsModule" name="test_filter_campaigns_by_mode" time="0.132" /><testcase classname="backend.tests.test_meta_ads_module.TestMetaAdsModule" name="test_delete_ad" time="0.153" /><testcase classname="backend.tests.test_meta_ads_module.TestMetaAdsModule" name="test_delete_campaign" time="0.151" /><testcase classname="backend.tests.test_meta_ads_module.TestMetaAdsModule" name="test_campaigns_require_auth" time="0.153" /><testcase classname="backend.tests.test_meta_ads_module.TestMetaAdsModule" name="test_custom_attributes_require_auth" time="0.146" /></testsuite></testsuites>