<?xml version="1.0" encoding="utf-8"?><testsuites name="pytest tests"><testsuite name="pytest" errors="0" failures="0" skipped="0" tests="17" time="2.695" timestamp="2026-01-11T13:57:59.387023+00:00" hostname="agent-env-e27e24f8-bb5b-4069-a85e-d22afdde20c0"><testcase classname="tests.test_notion_features.TestNotionDatabases" name="test_get_databases_list" time="0.089" /><testcase classname="tests.test_notion_features.TestNotionDatabases" name="test_create_database" time="0.048" /><testcase classname="tests.test_notion_features.TestNotionDatabases" name="test_add_to_favorites" time="0.193" /><testcase classname="tests.test_notion_features.TestNotionDatabases" name="test_duplicate_database" time="0.383" /><testcase classname="tests.test_notion_features.TestNotionDatabases" name="test_rename_database" time="0.189" /><testcase classname="tests.test_notion_features.TestNotionDatabases" name="test_delete_database" time="0.207" /><testcase classname="tests.test_notion_features.TestNotionProjects" name="test_get_projects_in_database" time="0.082" /><testcase classname="tests.test_notion_features.TestNotionProjects" name="test_create_project_in_database" time="0.168" /><testcase classname="tests.test_notion_features.TestNotionProjects" name="test_add_task_to_project" time="0.205" /><testcase classname="tests.test_notion_features.TestNotionProjects" name="test_delete_project" time="0.266" /><testcase classname="tests.test_notion_features.TestNotionRows" name="test_get_rows_in_database" time="0.078" /><testcase classname="tests.test_notion_features.TestNotionRows" name="test_create_row" time="0.126" /><testcase classname="tests.test_notion_features.TestNotionRows" name="test_update_cell" time="0.150" /><testcase classname="tests.test_notion_features.TestNotionRows" name="test_delete_row" time="0.194" /><testcase classname="tests.test_notion_features.TestNotionTemplates" name="test_get_templates" time="0.038" /><testcase classname="tests.test_notion_features.TestNotionTemplates" name="test_create_from_template" time="0.078" /><testcase classname="tests.test_notion_features.TestNotionUsers" name="test_get_users_for_assignment" time="0.040" /></testsuite></testsuites>