<?xml version="1.0" encoding="utf-8"?><testsuites name="pytest tests"><testsuite name="pytest" errors="0" failures="0" skipped="0" tests="11" time="2.147" timestamp="2026-04-02T19:57:32.196866+00:00" hostname="agent-env-add78f51-69e7-48ba-93bb-9b25a564b93b"><testcase classname="backend.tests.test_operations_head_feature.TestOperationsHeadBackend" name="test_my_tasks_endpoint_exists" time="0.464" /><testcase classname="backend.tests.test_operations_head_feature.TestOperationsHeadBackend" name="test_my_tasks_returns_list" time="0.147" /><testcase classname="backend.tests.test_operations_head_feature.TestOperationsHeadBackend" name="test_my_tasks_requires_auth" time="0.101" /><testcase classname="backend.tests.test_operations_head_feature.TestOperationsHeadBackend" name="test_my_documents_endpoint_exists" time="0.110" /><testcase classname="backend.tests.test_operations_head_feature.TestOperationsHeadBackend" name="test_my_documents_returns_list" time="0.107" /><testcase classname="backend.tests.test_operations_head_feature.TestOperationsHeadBackend" name="test_my_documents_requires_auth" time="0.114" /><testcase classname="backend.tests.test_operations_head_feature.TestOperationsHeadBackend" name="test_create_my_document" time="0.243" /><testcase classname="backend.tests.test_operations_head_feature.TestOperationsHeadBackend" name="test_ops_head_user_has_tasks_module" time="0.113" /><testcase classname="backend.tests.test_operations_head_feature.TestOperationsHeadBackend" name="test_admin_user_has_full_access" time="0.444" /><testcase classname="backend.tests.test_operations_head_feature.TestOperationsHeadBackend" name="test_admin_can_access_my_tasks" time="0.134" /><testcase classname="backend.tests.test_operations_head_feature.TestOperationsHeadBackend" name="test_admin_can_access_my_documents" time="0.110" /></testsuite></testsuites>