<?xml version="1.0" encoding="utf-8"?><testsuites name="pytest tests"><testsuite name="pytest" errors="0" failures="0" skipped="0" tests="22" time="14.055" timestamp="2026-04-03T10:03:39.142280+00:00" hostname="agent-env-add78f51-69e7-48ba-93bb-9b25a564b93b"><testcase classname="backend.tests.test_our_tasks.TestOurTasksModule" name="test_get_tasks_returns_list" time="0.536" /><testcase classname="backend.tests.test_our_tasks.TestOurTasksModule" name="test_create_task_basic" time="0.515" /><testcase classname="backend.tests.test_our_tasks.TestOurTasksModule" name="test_create_task_with_due_date" time="0.468" /><testcase classname="backend.tests.test_our_tasks.TestOurTasksModule" name="test_create_task_with_recurrence" time="0.476" /><testcase classname="backend.tests.test_our_tasks.TestOurTasksModule" name="test_create_task_with_work_link" time="0.486" /><testcase classname="backend.tests.test_our_tasks.TestOurTasksModule" name="test_create_task_empty_name_fails" time="0.423" /><testcase classname="backend.tests.test_our_tasks.TestOurTasksModule" name="test_update_task_title" time="0.613" /><testcase classname="backend.tests.test_our_tasks.TestOurTasksModule" name="test_update_task_status" time="0.536" /><testcase classname="backend.tests.test_our_tasks.TestOurTasksModule" name="test_update_nonexistent_task_fails" time="0.422" /><testcase classname="backend.tests.test_our_tasks.TestOurTasksModule" name="test_delete_task" time="0.543" /><testcase classname="backend.tests.test_our_tasks.TestOurTasksModule" name="test_delete_nonexistent_task_fails" time="0.427" /><testcase classname="backend.tests.test_our_tasks.TestOurTasksModule" name="test_timer_start" time="0.498" /><testcase classname="backend.tests.test_our_tasks.TestOurTasksModule" name="test_timer_pause" time="1.547" /><testcase classname="backend.tests.test_our_tasks.TestOurTasksModule" name="test_timer_resume" time="1.595" /><testcase classname="backend.tests.test_our_tasks.TestOurTasksModule" name="test_timer_finish" time="1.547" /><testcase classname="backend.tests.test_our_tasks.TestOurTasksModule" name="test_timer_start_already_running_fails" time="0.633" /><testcase classname="backend.tests.test_our_tasks.TestOurTasksModule" name="test_get_single_task" time="0.579" /><testcase classname="backend.tests.test_our_tasks.TestOurTasksModule" name="test_get_nonexistent_task_fails" time="0.408" /><testcase classname="backend.tests.test_our_tasks.TestOurTasksModule" name="test_create_task_all_types" time="0.843" /><testcase classname="backend.tests.test_our_tasks.TestOurTasksModule" name="test_create_task_all_priorities" time="0.679" /><testcase classname="backend.tests.test_our_tasks.TestOurTasksAuthentication" name="test_get_tasks_without_auth_fails" time="0.092" /><testcase classname="backend.tests.test_our_tasks.TestOurTasksAuthentication" name="test_create_task_without_auth_fails" time="0.108" /></testsuite></testsuites>