<?xml version="1.0" encoding="utf-8"?><testsuites name="pytest tests"><testsuite name="pytest" errors="0" failures="0" skipped="0" tests="9" time="4.292" timestamp="2026-04-05T06:57:47.970032+00:00" hostname="agent-env-add78f51-69e7-48ba-93bb-9b25a564b93b"><testcase classname="backend.tests.test_pages_tab_enhancements.TestPagesTabEnhancements" name="test_create_page_with_due_date" time="0.517" /><testcase classname="backend.tests.test_pages_tab_enhancements.TestPagesTabEnhancements" name="test_create_page_with_stage_assignees" time="0.506" /><testcase classname="backend.tests.test_pages_tab_enhancements.TestPagesTabEnhancements" name="test_update_page_due_date" time="0.504" /><testcase classname="backend.tests.test_pages_tab_enhancements.TestPagesTabEnhancements" name="test_update_page_stage_assignees" time="0.522" /><testcase classname="backend.tests.test_pages_tab_enhancements.TestPagesTabEnhancements" name="test_get_project_pages_with_due_dates" time="0.408" /><testcase classname="backend.tests.test_pages_tab_enhancements.TestPagesTabEnhancements" name="test_create_page_with_past_due_date" time="0.450" /><testcase classname="backend.tests.test_pages_tab_enhancements.TestPagesTabEnhancements" name="test_create_page_with_future_due_date" time="0.460" /><testcase classname="backend.tests.test_pages_tab_enhancements.TestPagesTabEnhancements" name="test_delete_page" time="0.494" /><testcase classname="backend.tests.test_pages_tab_enhancements.TestTeamMembersEndpoint" name="test_get_team_members" time="0.363" /></testsuite></testsuites>