<?xml version="1.0" encoding="utf-8"?><testsuites name="pytest tests"><testsuite name="pytest" errors="0" failures="0" skipped="0" tests="9" time="6.336" timestamp="2026-04-02T17:11:14.475377+00:00" hostname="agent-env-add78f51-69e7-48ba-93bb-9b25a564b93b"><testcase classname="backend.tests.test_payroll_hr_remarks_optional_reviews.TestPayrollHRRemarksOptionalReviews" name="test_create_payslip_with_hr_remarks" time="0.759" /><testcase classname="backend.tests.test_payroll_hr_remarks_optional_reviews.TestPayrollHRRemarksOptionalReviews" name="test_hr_remarks_displayed_in_payslip" time="0.591" /><testcase classname="backend.tests.test_payroll_hr_remarks_optional_reviews.TestPayrollHRRemarksOptionalReviews" name="test_previous_payslips_endpoint" time="0.555" /><testcase classname="backend.tests.test_payroll_hr_remarks_optional_reviews.TestPayrollHRRemarksOptionalReviews" name="test_operations_review_optional_empty_text" time="0.636" /><testcase classname="backend.tests.test_payroll_hr_remarks_optional_reviews.TestPayrollHRRemarksOptionalReviews" name="test_ceo_review_optional_empty_text" time="0.706" /><testcase classname="backend.tests.test_payroll_hr_remarks_optional_reviews.TestPayrollHRRemarksOptionalReviews" name="test_full_workflow_optional_reviews" time="0.833" /><testcase classname="backend.tests.test_payroll_hr_remarks_optional_reviews.TestPayrollHRRemarksOptionalReviews" name="test_pdf_hr_remarks_included_reviews_excluded" time="0.996" /><testcase classname="backend.tests.test_payroll_hr_remarks_optional_reviews.TestPayrollHRRemarksOptionalReviews" name="test_create_payslip_without_hr_remarks" time="0.491" /><testcase classname="backend.tests.test_payroll_hr_remarks_optional_reviews.TestPayrollReviewTextValidation" name="test_operations_review_with_whitespace_only" time="0.686" /></testsuite></testsuites>