<?xml version="1.0" encoding="utf-8"?><testsuites name="pytest tests"><testsuite name="pytest" errors="0" failures="0" skipped="0" tests="7" time="1.817" timestamp="2026-06-15T09:02:42.848495+00:00" hostname="agent-env-add78f51-69e7-48ba-93bb-9b25a564b93b"><testcase classname="backend.tests.test_payroll_phase2_phase3.TestCEOApprovalQueue" name="test_get_approvals_requires_auth" time="0.171" /><testcase classname="backend.tests.test_payroll_phase2_phase3.TestCEOApprovalQueue" name="test_get_approvals_returns_ceo_review_payslips" time="0.441" /><testcase classname="backend.tests.test_payroll_phase2_phase3.TestCEOApprovalQueue" name="test_approve_invalid_status_returns_400" time="0.053" /><testcase classname="backend.tests.test_payroll_phase2_phase3.TestApproveRejectLifecycle" name="test_full_lifecycle" time="0.557" /><testcase classname="backend.tests.test_payroll_phase2_phase3.TestPayablePayslipsAndCashbook" name="test_get_payable_returns_generated" time="0.050" /><testcase classname="backend.tests.test_payroll_phase2_phase3.TestPayablePayslipsAndCashbook" name="test_cashbook_expense_without_payslip_still_works" time="0.135" /><testcase classname="backend.tests.test_payroll_phase2_phase3.TestPayablePayslipsAndCashbook" name="test_cashbook_expense_with_payslip_flips_to_paid" time="0.348" /></testsuite></testsuites>