<?xml version="1.0" encoding="utf-8"?><testsuites name="pytest tests"><testsuite name="pytest" errors="0" failures="0" skipped="0" tests="11" time="5.060" timestamp="2026-04-02T16:49:05.879461+00:00" hostname="agent-env-add78f51-69e7-48ba-93bb-9b25a564b93b"><testcase classname="backend.tests.test_payroll_settings_pdf.TestPayrollSettingsAndPDF" name="test_get_payroll_settings" time="0.542" /><testcase classname="backend.tests.test_payroll_settings_pdf.TestPayrollSettingsAndPDF" name="test_update_payroll_settings_pf_enabled" time="0.613" /><testcase classname="backend.tests.test_payroll_settings_pdf.TestPayrollSettingsAndPDF" name="test_update_payroll_settings_professional_tax" time="0.502" /><testcase classname="backend.tests.test_payroll_settings_pdf.TestPayrollSettingsAndPDF" name="test_update_payroll_settings_working_hours" time="0.497" /><testcase classname="backend.tests.test_payroll_settings_pdf.TestPayrollSettingsAndPDF" name="test_payslip_contains_extra_less_hours" time="0.409" /><testcase classname="backend.tests.test_payroll_settings_pdf.TestPayrollSettingsAndPDF" name="test_get_single_payslip_with_hours" time="0.384" /><testcase classname="backend.tests.test_payroll_settings_pdf.TestPayrollSettingsAndPDF" name="test_payslip_deductions_contain_pf_enabled_flag" time="0.384" /><testcase classname="backend.tests.test_payroll_settings_pdf.TestPayrollSettingsAndPDF" name="test_pdf_download_endpoint_exists" time="0.462" /><testcase classname="backend.tests.test_payroll_settings_pdf.TestPayrollSettingsAndPDF" name="test_pdf_download_unauthorized_for_non_generated" time="0.445" /><testcase classname="backend.tests.test_payroll_settings_pdf.TestPayrollSettingsAndPDF" name="test_pdf_download_invalid_payslip_id" time="0.379" /><testcase classname="backend.tests.test_payroll_settings_pdf.TestPayrollSettingsAndPDF" name="test_settings_affect_new_payslip_creation" time="0.375" /></testsuite></testsuites>