<?xml version="1.0" encoding="utf-8"?><testsuites name="pytest tests"><testsuite name="pytest" errors="0" failures="0" skipped="0" tests="12" time="2.008" timestamp="2026-04-02T15:35:59.016143+00:00" hostname="agent-env-add78f51-69e7-48ba-93bb-9b25a564b93b"><testcase classname="backend.tests.test_payroll_module.TestHikeReasons" name="test_get_hike_reasons_returns_list" time="0.611" /><testcase classname="backend.tests.test_payroll_module.TestHikeReasons" name="test_hike_reasons_contains_expected_types" time="0.120" /><testcase classname="backend.tests.test_payroll_module.TestSalaryHistory" name="test_get_salary_history" time="0.230" /><testcase classname="backend.tests.test_payroll_module.TestSalaryHistory" name="test_salary_history_has_records" time="0.140" /><testcase classname="backend.tests.test_payroll_module.TestSalaryHistory" name="test_total_hikes_count" time="0.112" /><testcase classname="backend.tests.test_payroll_module.TestPayrollDetails" name="test_get_current_month_payroll" time="0.134" /><testcase classname="backend.tests.test_payroll_module.TestPayrollDetails" name="test_august_2024_shows_15000_salary" time="0.123" /><testcase classname="backend.tests.test_payroll_module.TestPayrollDetails" name="test_april_2026_shows_25000_salary" time="0.130" /><testcase classname="backend.tests.test_payroll_module.TestPayrollDetails" name="test_payroll_earnings_calculation" time="0.127" /><testcase classname="backend.tests.test_payroll_module.TestPayrollDetails" name="test_payroll_deductions_calculation" time="0.102" /><testcase classname="backend.tests.test_payroll_module.TestSalaryGrowth" name="test_total_growth_percentage" time="0.111" /><testcase classname="backend.tests.test_payroll_module.TestCalendarTabRemoval" name="test_calendar_tab_not_in_hr_tabs" time="0.000" /></testsuite></testsuites>