<?xml version="1.0" encoding="utf-8"?><testsuites name="pytest tests"><testsuite name="pytest" errors="0" failures="0" skipped="1" tests="9" time="3.653" timestamp="2026-04-03T03:11:03.941434+00:00" hostname="agent-env-add78f51-69e7-48ba-93bb-9b25a564b93b"><testcase classname="backend.tests.test_payslip_edit_delete_regenerate.TestPayslipEditDeleteRegenerate" name="test_01_get_payslips_list" time="0.446" /><testcase classname="backend.tests.test_payslip_edit_delete_regenerate.TestPayslipEditDeleteRegenerate" name="test_02_edit_payslip_endpoint_exists" time="0.425" /><testcase classname="backend.tests.test_payslip_edit_delete_regenerate.TestPayslipEditDeleteRegenerate" name="test_03_edit_payslip_invalid_field" time="0.406" /><testcase classname="backend.tests.test_payslip_edit_delete_regenerate.TestPayslipEditDeleteRegenerate" name="test_04_regenerate_payslip_endpoint_exists" time="0.429" /><testcase classname="backend.tests.test_payslip_edit_delete_regenerate.TestPayslipEditDeleteRegenerate" name="test_05_delete_payslip_finalized_blocked" time="0.362"><skipped type="pytest.skip" message="No finalized payslips found to test deletion block">/app/backend/tests/test_payslip_edit_delete_regenerate.py:162: No finalized payslips found to test deletion block</skipped></testcase><testcase classname="backend.tests.test_payslip_edit_delete_regenerate.TestPayslipEditDeleteRegenerate" name="test_06_delete_payslip_not_found" time="0.372" /><testcase classname="backend.tests.test_payslip_edit_delete_regenerate.TestPayslipEditDeleteRegenerate" name="test_07_edit_payslip_not_found" time="0.382" /><testcase classname="backend.tests.test_payslip_edit_delete_regenerate.TestPayslipEditDeleteRegenerate" name="test_08_regenerate_payslip_not_found" time="0.410" /><testcase classname="backend.tests.test_payslip_edit_delete_regenerate.TestPayslipEditDeleteRegenerate" name="test_09_find_swathi_draft_payslip" time="0.368" /></testsuite></testsuites>