<?xml version="1.0" encoding="utf-8"?><testsuites name="pytest tests"><testsuite name="pytest" errors="0" failures="0" skipped="0" tests="18" time="8.980" timestamp="2026-04-05T07:38:03.748295+00:00" hostname="agent-env-add78f51-69e7-48ba-93bb-9b25a564b93b"><testcase classname="backend.tests.test_project_creation_wizard.TestProjectCreationWizard" name="test_create_landing_page_wordpress" time="0.671" /><testcase classname="backend.tests.test_project_creation_wizard.TestProjectCreationWizard" name="test_create_business_website_webflow" time="0.531" /><testcase classname="backend.tests.test_project_creation_wizard.TestProjectCreationWizard" name="test_create_ecommerce_shopify" time="0.493" /><testcase classname="backend.tests.test_project_creation_wizard.TestProjectCreationWizard" name="test_create_webapp_custom_code" time="0.479" /><testcase classname="backend.tests.test_project_creation_wizard.TestProjectCreationWizard" name="test_create_project_with_landing_page_requirements" time="0.470" /><testcase classname="backend.tests.test_project_creation_wizard.TestProjectCreationWizard" name="test_create_project_with_business_requirements" time="0.487" /><testcase classname="backend.tests.test_project_creation_wizard.TestProjectCreationWizard" name="test_create_project_with_ecommerce_requirements" time="0.523" /><testcase classname="backend.tests.test_project_creation_wizard.TestProjectCreationWizard" name="test_create_project_with_webapp_requirements" time="0.481" /><testcase classname="backend.tests.test_project_creation_wizard.TestProjectCreationWizard" name="test_create_project_with_branding" time="0.463" /><testcase classname="backend.tests.test_project_creation_wizard.TestProjectCreationWizard" name="test_create_project_with_partial_branding" time="0.474" /><testcase classname="backend.tests.test_project_creation_wizard.TestProjectCreationWizard" name="test_create_project_with_basic_details" time="0.535" /><testcase classname="backend.tests.test_project_creation_wizard.TestProjectCreationWizard" name="test_create_project_with_client_details" time="0.477" /><testcase classname="backend.tests.test_project_creation_wizard.TestProjectCreationWizard" name="test_create_project_with_credentials" time="0.466" /><testcase classname="backend.tests.test_project_creation_wizard.TestProjectCreationWizard" name="test_create_project_with_team_assignment" time="0.471" /><testcase classname="backend.tests.test_project_creation_wizard.TestProjectCreationWizard" name="test_create_project_with_links" time="0.469" /><testcase classname="backend.tests.test_project_creation_wizard.TestProjectCreationWizard" name="test_create_complete_project_all_steps" time="0.545" /><testcase classname="backend.tests.test_project_creation_wizard.TestProjectCreationWizard" name="test_create_project_requires_name" time="0.420" /><testcase classname="backend.tests.test_project_creation_wizard.TestProjectCreationWizard" name="test_get_team_members_for_assignment" time="0.438" /></testsuite></testsuites>