<?xml version="1.0" encoding="utf-8"?><testsuites name="pytest tests"><testsuite name="pytest" errors="0" failures="1" skipped="0" tests="14" time="1.409" timestamp="2026-01-09T01:39:53.066875+00:00" hostname="agent-env-120d9604-c2df-4f1f-b807-1d34294df4ff"><testcase classname="tests.test_operations_settings.TestAuthAndUsers" name="test_auth_me_returns_user" time="0.077" /><testcase classname="tests.test_operations_settings.TestAuthAndUsers" name="test_get_users_list" time="0.039" /><testcase classname="tests.test_operations_settings.TestAuthAndUsers" name="test_create_user_with_permissions" time="0.270" /><testcase classname="tests.test_operations_settings.TestServices" name="test_get_services_list" time="0.037" /><testcase classname="tests.test_operations_settings.TestServices" name="test_create_service" time="0.044" /><testcase classname="tests.test_operations_settings.TestServices" name="test_update_service" time="0.116" /><testcase classname="tests.test_operations_settings.TestOperationsProjects" name="test_get_projects_list" time="0.041" /><testcase classname="tests.test_operations_settings.TestOperationsProjects" name="test_create_project" time="0.184" /><testcase classname="tests.test_operations_settings.TestOperationsProjects" name="test_update_project_status" time="0.112" /><testcase classname="tests.test_operations_settings.TestOperationsProjects" name="test_get_productivity_overview" time="0.034" /><testcase classname="tests.test_operations_settings.TestOperationsTasks" name="test_get_tasks_list" time="0.036" /><testcase classname="tests.test_operations_settings.TestOperationsTasks" name="test_create_task_fails_without_valid_user" time="0.135"><failure message="assert 520 == 200&#10; +  where 520 = &lt;Response [520]&gt;.status_code">tests/test_operations_settings.py:283: in test_create_task_fails_without_valid_user
    assert response.status_code == 200
E   assert 520 == 200
E    +  where 520 = &lt;Response [520]&gt;.status_code</failure></testcase><testcase classname="tests.test_operations_settings.TestRolesAndPermissions" name="test_user_permissions_endpoint" time="0.074" /><testcase classname="tests.test_operations_settings.TestRolesAndPermissions" name="test_update_user_permissions" time="0.074" /></testsuite></testsuites>