<?xml version="1.0" encoding="utf-8"?><testsuites name="pytest tests"><testsuite name="pytest" errors="0" failures="0" skipped="0" tests="12" time="2.834" timestamp="2026-03-11T03:19:37.924414+00:00" hostname="agent-env-048ad8d4-6960-467a-887a-338050761d12"><testcase classname="backend.tests.test_rbac_and_lead_owner.TestRBACAndLeadOwnerFeatures" name="test_01_admin_login_success" time="0.485" /><testcase classname="backend.tests.test_rbac_and_lead_owner.TestRBACAndLeadOwnerFeatures" name="test_02_get_available_roles" time="0.144" /><testcase classname="backend.tests.test_rbac_and_lead_owner.TestRBACAndLeadOwnerFeatures" name="test_03_admin_create_user_with_password" time="0.333" /><testcase classname="backend.tests.test_rbac_and_lead_owner.TestRBACAndLeadOwnerFeatures" name="test_04_created_user_can_login" time="0.360" /><testcase classname="backend.tests.test_rbac_and_lead_owner.TestRBACAndLeadOwnerFeatures" name="test_05_bd_user_cannot_access_admin_roles" time="0.146" /><testcase classname="backend.tests.test_rbac_and_lead_owner.TestRBACAndLeadOwnerFeatures" name="test_06_lead_auto_assigns_current_user_as_owner" time="0.112" /><testcase classname="backend.tests.test_rbac_and_lead_owner.TestRBACAndLeadOwnerFeatures" name="test_07_lead_with_explicit_owner" time="0.139" /><testcase classname="backend.tests.test_rbac_and_lead_owner.TestRBACAndLeadOwnerFeatures" name="test_08_team_members_endpoint" time="0.122" /><testcase classname="backend.tests.test_rbac_and_lead_owner.TestRBACAndLeadOwnerFeatures" name="test_09_leads_filter_by_owner" time="0.306" /><testcase classname="backend.tests.test_rbac_and_lead_owner.TestRBACAndLeadOwnerFeatures" name="test_10_leads_filter_by_bd_owner" time="0.159" /><testcase classname="backend.tests.test_rbac_and_lead_owner.TestRBACAndLeadOwnerFeatures" name="test_11_request_password_otp" time="0.134" /><testcase classname="backend.tests.test_rbac_and_lead_owner.TestRBACAndLeadOwnerFeatures" name="test_99_cleanup" time="0.329" /></testsuite></testsuites>