<?xml version="1.0" encoding="utf-8"?><testsuites name="pytest tests"><testsuite name="pytest" errors="0" failures="1" skipped="1" tests="21" time="6.289" timestamp="2026-06-11T01:17:44.249050+00:00" hostname="agent-env-add78f51-69e7-48ba-93bb-9b25a564b93b"><testcase classname="backend.tests.test_drawlead_regression_jan2026.TestAuthAndRBAC" name="test_admin_login_module_access" time="2.850" /><testcase classname="backend.tests.test_drawlead_regression_jan2026.TestAuthAndRBAC" name="test_ops_user_restricted_module_access" time="0.338" /><testcase classname="backend.tests.test_drawlead_regression_jan2026.TestAuthAndRBAC" name="test_me_endpoint" time="0.115" /><testcase classname="backend.tests.test_drawlead_regression_jan2026.TestHRAttendance" name="test_today_attendance" time="0.122" /><testcase classname="backend.tests.test_drawlead_regression_jan2026.TestHRAttendance" name="test_attendance_summary" time="0.119" /><testcase classname="backend.tests.test_drawlead_regression_jan2026.TestHRAttendance" name="test_attendance_employee_lookup_admin" time="0.134" /><testcase classname="backend.tests.test_drawlead_regression_jan2026.TestHRAttendance" name="test_attendance_employee_lookup_blocked_for_ops" time="0.110" /><testcase classname="backend.tests.test_drawlead_regression_jan2026.TestOrgTree" name="test_get_org_tree" time="0.109" /><testcase classname="backend.tests.test_drawlead_regression_jan2026.TestOrgTree" name="test_put_org_tree_roundtrip" time="0.234" /><testcase classname="backend.tests.test_drawlead_regression_jan2026.TestOurTasks" name="test_list_my_tasks" time="0.151" /><testcase classname="backend.tests.test_drawlead_regression_jan2026.TestOurTasks" name="test_ops_user_list_filtered" time="0.176" /><testcase classname="backend.tests.test_drawlead_regression_jan2026.TestOurTasks" name="test_work_hours_today" time="0.174" /><testcase classname="backend.tests.test_drawlead_regression_jan2026.TestOurTasks" name="test_meetings_endpoint" time="0.303"><failure message="AssertionError: {&quot;detail&quot;:&quot;Not authenticated&quot;}&#10;assert 401 in (200, 404)&#10; +  where 401 = &lt;Response [401]&gt;.status_code">backend/tests/test_drawlead_regression_jan2026.py:136: in test_meetings_endpoint
    assert r.status_code in (200, 404), r.text[:200]
E   AssertionError: {"detail":"Not authenticated"}
E   assert 401 in (200, 404)
E    +  where 401 = &lt;Response [401]&gt;.status_code</failure></testcase><testcase classname="backend.tests.test_drawlead_regression_jan2026.TestApprovals" name="test_approvals_list" time="0.127" /><testcase classname="backend.tests.test_drawlead_regression_jan2026.TestLeads" name="test_leads_list" time="0.129" /><testcase classname="backend.tests.test_drawlead_regression_jan2026.TestCalendar" name="test_calendar_aggregates" time="0.362"><skipped type="pytest.skip" message="No matching calendar aggregate endpoint discovered (manual UI check)">/app/backend/tests/test_drawlead_regression_jan2026.py:161: No matching calendar aggregate endpoint discovered (manual UI check)</skipped></testcase><testcase classname="backend.tests.test_drawlead_regression_jan2026.TestDeletedModulesGone" name="test_deleted_endpoints_no_500[/sales/leads]" time="0.119" /><testcase classname="backend.tests.test_drawlead_regression_jan2026.TestDeletedModulesGone" name="test_deleted_endpoints_no_500[/seo/projects]" time="0.130" /><testcase classname="backend.tests.test_drawlead_regression_jan2026.TestDeletedModulesGone" name="test_deleted_endpoints_no_500[/meta-ads/campaigns]" time="0.164" /><testcase classname="backend.tests.test_drawlead_regression_jan2026.TestDeletedModulesGone" name="test_deleted_endpoints_no_500[/bde-tasks]" time="0.134" /><testcase classname="backend.tests.test_drawlead_regression_jan2026.TestDeletedModulesGone" name="test_deleted_endpoints_no_500[/sales-tasks]" time="0.105" /></testsuite></testsuites>