<?xml version="1.0" encoding="utf-8"?><testsuites name="pytest tests"><testsuite name="pytest" errors="0" failures="0" skipped="0" tests="24" time="7.896" timestamp="2026-04-02T18:05:16.852656+00:00" hostname="agent-env-add78f51-69e7-48ba-93bb-9b25a564b93b"><testcase classname="backend.tests.test_tasks_module.TestDepartments" name="test_get_departments_returns_default_five" time="0.519" /><testcase classname="backend.tests.test_tasks_module.TestDepartments" name="test_create_department_admin_only" time="0.122" /><testcase classname="backend.tests.test_tasks_module.TestDepartments" name="test_department_appears_in_list" time="0.127" /><testcase classname="backend.tests.test_tasks_module.TestDepartments" name="test_delete_department" time="0.111" /><testcase classname="backend.tests.test_tasks_module.TestProjects" name="test_get_projects_in_department" time="0.596" /><testcase classname="backend.tests.test_tasks_module.TestProjects" name="test_create_project" time="0.116" /><testcase classname="backend.tests.test_tasks_module.TestProjects" name="test_get_project_detail" time="0.155" /><testcase classname="backend.tests.test_tasks_module.TestProjects" name="test_update_project" time="0.116" /><testcase classname="backend.tests.test_tasks_module.TestProjects" name="test_filter_projects_by_status" time="0.125" /><testcase classname="backend.tests.test_tasks_module.TestTasks" name="test_create_task" time="0.827" /><testcase classname="backend.tests.test_tasks_module.TestTasks" name="test_get_project_tasks" time="0.114" /><testcase classname="backend.tests.test_tasks_module.TestTasks" name="test_update_task_status" time="0.106" /><testcase classname="backend.tests.test_tasks_module.TestTasks" name="test_update_task_priority" time="0.126" /><testcase classname="backend.tests.test_tasks_module.TestTasks" name="test_filter_tasks_by_status" time="0.930" /><testcase classname="backend.tests.test_tasks_module.TestTasks" name="test_delete_task" time="0.145" /><testcase classname="backend.tests.test_tasks_module.TestDocuments" name="test_add_document" time="0.738" /><testcase classname="backend.tests.test_tasks_module.TestDocuments" name="test_get_project_documents" time="0.113" /><testcase classname="backend.tests.test_tasks_module.TestDocuments" name="test_document_in_project_detail" time="0.227" /><testcase classname="backend.tests.test_tasks_module.TestDocuments" name="test_remove_document" time="0.113" /><testcase classname="backend.tests.test_tasks_module.TestTimerFunctionality" name="test_start_timer" time="0.862" /><testcase classname="backend.tests.test_tasks_module.TestTimerFunctionality" name="test_get_timer_status" time="0.107" /><testcase classname="backend.tests.test_tasks_module.TestTimerFunctionality" name="test_stop_timer" time="0.108" /><testcase classname="backend.tests.test_tasks_module.TestTimerFunctionality" name="test_cleanup_timer_task" time="0.112" /><testcase classname="backend.tests.test_tasks_module.TestCleanup" name="test_cleanup_test_projects" time="1.218" /></testsuite></testsuites>