<?xml version="1.0" encoding="utf-8"?><testsuites name="pytest tests"><testsuite name="pytest" errors="0" failures="0" skipped="0" tests="5" time="1.117" timestamp="2026-06-11T08:06:01.904845+00:00" hostname="agent-env-add78f51-69e7-48ba-93bb-9b25a564b93b"><testcase classname="backend.tests.test_designation_subtab_config.TestDesignationCRUDNewFields" name="test_create_persists_new_fields" time="0.639" /><testcase classname="backend.tests.test_designation_subtab_config.TestDesignationCRUDNewFields" name="test_update_flips_projects_to_view" time="0.116" /><testcase classname="backend.tests.test_designation_subtab_config.TestDesignationCRUDNewFields" name="test_update_all_sub_tab_flags" time="0.103" /><testcase classname="backend.tests.test_designation_subtab_config.TestDesignationCRUDNewFields" name="test_create_defaults_for_omitted_fields" time="0.099" /><testcase classname="backend.tests.test_designation_subtab_config.TestAuthMeDesignationConfig" name="test_auth_me_contains_designation_config" time="0.100" /></testsuite></testsuites>