<?xml version="1.0" encoding="utf-8"?><testsuites name="pytest tests"><testsuite name="pytest" errors="0" failures="0" skipped="1" tests="12" time="5.547" timestamp="2026-04-05T05:10:33.402096+00:00" hostname="agent-env-add78f51-69e7-48ba-93bb-9b25a564b93b"><testcase classname="backend.tests.test_tracker_board_workflow.TestTrackerBoardWorkflow" name="test_timer_start_changes_status_to_in_progress" time="0.564" /><testcase classname="backend.tests.test_tracker_board_workflow.TestTrackerBoardWorkflow" name="test_timer_pause_changes_status_to_paused" time="0.412" /><testcase classname="backend.tests.test_tracker_board_workflow.TestTrackerBoardWorkflow" name="test_submit_task_sets_status_to_waiting_pm" time="0.478" /><testcase classname="backend.tests.test_tracker_board_workflow.TestTrackerBoardWorkflow" name="test_pm_approval_sets_pm_approved_and_waiting_ops" time="0.474" /><testcase classname="backend.tests.test_tracker_board_workflow.TestTrackerBoardWorkflow" name="test_ops_approval_sets_ops_approved_and_approved" time="0.467" /><testcase classname="backend.tests.test_tracker_board_workflow.TestTrackerBoardWorkflow" name="test_corrections_resets_approval_flags" time="0.376"><skipped type="pytest.skip" message="No task waiting for approval to test corrections">/app/backend/tests/test_tracker_board_workflow.py:287: No task waiting for approval to test corrections</skipped></testcase><testcase classname="backend.tests.test_tracker_board_workflow.TestTrackerBoardWorkflow" name="test_move_to_next_stage_creates_new_task" time="0.479" /><testcase classname="backend.tests.test_tracker_board_workflow.TestTrackerBoardWorkflow" name="test_move_next_requires_full_approval" time="0.447" /><testcase classname="backend.tests.test_tracker_board_workflow.TestTrackerBoardWorkflow" name="test_approvals_page_pm_filter" time="0.362" /><testcase classname="backend.tests.test_tracker_board_workflow.TestTrackerBoardWorkflow" name="test_approvals_page_ops_filter" time="0.377" /><testcase classname="backend.tests.test_tracker_board_workflow.TestTrackerBoardWorkflow" name="test_approvals_page_website_department_filter" time="0.375" /><testcase classname="backend.tests.test_tracker_board_workflow.TestEndToEndWorkflow" name="test_complete_workflow" time="0.686" /></testsuite></testsuites>