<?xml version="1.0" encoding="utf-8"?><testsuites name="pytest tests"><testsuite name="pytest" errors="0" failures="0" skipped="0" tests="15" time="7.820" timestamp="2026-04-03T04:32:03.419855+00:00" hostname="agent-env-add78f51-69e7-48ba-93bb-9b25a564b93b"><testcase classname="backend.tests.test_website_projects_redesign.TestWebsiteProjectsRedesign" name="test_get_website_projects_list" time="0.406" /><testcase classname="backend.tests.test_website_projects_redesign.TestWebsiteProjectsRedesign" name="test_get_website_projects_with_filters" time="0.451" /><testcase classname="backend.tests.test_website_projects_redesign.TestWebsiteProjectsRedesign" name="test_create_website_project" time="0.443" /><testcase classname="backend.tests.test_website_projects_redesign.TestWebsiteProjectsRedesign" name="test_get_website_project_detail" time="0.456" /><testcase classname="backend.tests.test_website_projects_redesign.TestWebsiteProjectsRedesign" name="test_update_website_project" time="0.527" /><testcase classname="backend.tests.test_website_projects_redesign.TestWebsiteProjectsRedesign" name="test_delete_website_project" time="0.478" /><testcase classname="backend.tests.test_website_projects_redesign.TestWebsitePages" name="test_add_website_page" time="0.487" /><testcase classname="backend.tests.test_website_projects_redesign.TestWebsitePages" name="test_update_website_page_status" time="0.518" /><testcase classname="backend.tests.test_website_projects_redesign.TestWebsitePages" name="test_update_website_page_per_column_assignee" time="0.627" /><testcase classname="backend.tests.test_website_projects_redesign.TestWebsitePages" name="test_update_website_page_per_column_due_dates" time="0.502" /><testcase classname="backend.tests.test_website_projects_redesign.TestWebsitePages" name="test_update_website_page_per_column_urls" time="0.517" /><testcase classname="backend.tests.test_website_projects_redesign.TestWebsitePages" name="test_update_website_page_all_status_options" time="0.782" /><testcase classname="backend.tests.test_website_projects_redesign.TestWebsitePages" name="test_delete_website_page" time="0.567" /><testcase classname="backend.tests.test_website_projects_redesign.TestWebsiteDevelopers" name="test_get_website_developers" time="0.366" /><testcase classname="backend.tests.test_website_projects_redesign.TestProgressCalculation" name="test_progress_calculation" time="0.610" /></testsuite></testsuites>