<?xml version="1.0" encoding="utf-8"?><testsuites name="pytest tests"><testsuite name="pytest" errors="0" failures="0" skipped="0" tests="22" time="2.478" timestamp="2026-02-20T19:29:18.942298+00:00" hostname="agent-env-97ad6eac-17bd-4ea4-ab7f-bb36b398a7ca"><testcase classname="tests.test_website_projects_v3.TestAllProjectsSummary" name="test_get_all_projects_summary" time="0.698" /><testcase classname="tests.test_website_projects_v3.TestCrossProjectTasks" name="test_get_all_tasks_no_filter" time="0.089" /><testcase classname="tests.test_website_projects_v3.TestCrossProjectTasks" name="test_get_all_tasks_with_date_filter" time="0.087" /><testcase classname="tests.test_website_projects_v3.TestTeamMembers" name="test_get_team_members" time="0.086" /><testcase classname="tests.test_website_projects_v3.TestPageSubtasksSetup" name="test_create_test_project" time="0.072" /><testcase classname="tests.test_website_projects_v3.TestPageSubtasksSetup" name="test_get_first_page_task" time="0.083" /><testcase classname="tests.test_website_projects_v3.TestPageSubtasks" name="test_create_subtask" time="0.153" /><testcase classname="tests.test_website_projects_v3.TestPageSubtasks" name="test_get_page_subtasks" time="0.073" /><testcase classname="tests.test_website_projects_v3.TestPageSubtasks" name="test_toggle_subtask_completion" time="0.079" /><testcase classname="tests.test_website_projects_v3.TestPageSubtasks" name="test_update_subtask_title" time="0.071" /><testcase classname="tests.test_website_projects_v3.TestPageSubtasks" name="test_delete_subtask" time="0.070" /><testcase classname="tests.test_website_projects_v3.TestPageScreenshots" name="test_add_screenshot" time="0.065" /><testcase classname="tests.test_website_projects_v3.TestPageScreenshots" name="test_get_page_screenshots" time="0.063" /><testcase classname="tests.test_website_projects_v3.TestPageScreenshots" name="test_add_second_screenshot" time="0.076" /><testcase classname="tests.test_website_projects_v3.TestPageScreenshots" name="test_delete_screenshot" time="0.057" /><testcase classname="tests.test_website_projects_v3.TestPhaseAssigneeDueDate" name="test_update_page_wireframe_phase" time="0.079" /><testcase classname="tests.test_website_projects_v3.TestPhaseAssigneeDueDate" name="test_update_page_ui_phase" time="0.100" /><testcase classname="tests.test_website_projects_v3.TestPhaseAssigneeDueDate" name="test_update_page_content_phase" time="0.098" /><testcase classname="tests.test_website_projects_v3.TestPhaseAssigneeDueDate" name="test_update_page_dev_phase" time="0.089" /><testcase classname="tests.test_website_projects_v3.TestCrossProjectTasksWithDeveloper" name="test_get_tasks_by_developer" time="0.058" /><testcase classname="tests.test_website_projects_v3.TestCrossProjectTasksWithDeveloper" name="test_get_tasks_by_date_and_developer" time="0.068" /><testcase classname="tests.test_website_projects_v3.TestCleanup" name="test_delete_test_project" time="0.066" /></testsuite></testsuites>