<?xml version="1.0" encoding="utf-8"?><testsuites name="pytest tests"><testsuite name="pytest" errors="0" failures="0" skipped="0" tests="6" time="3.342" timestamp="2026-04-03T09:36:13.406758+00:00" hostname="agent-env-add78f51-69e7-48ba-93bb-9b25a564b93b"><testcase classname="backend.tests.test_website_projects_workflow.TestWorkflowStageTransition" name="test_transition_fails_without_mandatory_fields" time="0.637" /><testcase classname="backend.tests.test_website_projects_workflow.TestWorkflowStageTransition" name="test_transition_succeeds_with_all_mandatory_fields" time="0.783" /><testcase classname="backend.tests.test_website_projects_workflow.TestWorkflowStageTransition" name="test_get_projects_summary_includes_workflow_stage" time="0.466" /><testcase classname="backend.tests.test_website_projects_workflow.TestWorkflowStageTransition" name="test_existing_project_missing_client_name_cannot_transition" time="0.533" /><testcase classname="backend.tests.test_website_projects_workflow.TestContentStageFilters" name="test_projects_summary_includes_pages_data" time="0.451" /><testcase classname="backend.tests.test_website_projects_workflow.TestContentStageFilters" name="test_team_members_endpoint" time="0.424" /></testsuite></testsuites>