<?xml version="1.0" encoding="utf-8"?><testsuites name="pytest tests"><testsuite name="pytest" errors="0" failures="1" skipped="0" tests="17" time="2.318" timestamp="2026-02-20T18:54:32.255107+00:00" hostname="agent-env-97ad6eac-17bd-4ea4-ab7f-bb36b398a7ca"><testcase classname="tests.test_website_projects.TestAuth" name="test_login_admin" time="0.396" /><testcase classname="tests.test_website_projects.TestWebsiteProjectsOptions" name="test_get_options" time="0.537" /><testcase classname="tests.test_website_projects.TestWebsiteProjectsCRUD" name="test_create_project" time="0.069" /><testcase classname="tests.test_website_projects.TestWebsiteProjectsCRUD" name="test_get_projects_list" time="0.077" /><testcase classname="tests.test_website_projects.TestWebsiteProjectsCRUD" name="test_get_project_detail" time="0.065" /><testcase classname="tests.test_website_projects.TestWebsiteProjectsCRUD" name="test_update_project" time="0.079" /><testcase classname="tests.test_website_projects.TestWebsitePageTasks" name="test_add_custom_page" time="0.075" /><testcase classname="tests.test_website_projects.TestWebsitePageTasks" name="test_update_wireframe_status" time="0.071" /><testcase classname="tests.test_website_projects.TestWebsitePageTasks" name="test_update_ui_status" time="0.093"><failure message="AssertionError: assert 'In Progress' == 'Client Review'&#10;  &#10;  - Client Review&#10;  + In Progress">tests/test_website_projects.py:264: in test_update_ui_status
    assert data["overall_status"] == "Client Review"  # Auto-calculated
    ^^^^^^^^^^^^^^^^^^^^^^^^^^^^^^^^^^^^^^^^^^^^^^^^
E   AssertionError: assert 'In Progress' == 'Client Review'
E     
E     - Client Review
E     + In Progress</failure></testcase><testcase classname="tests.test_website_projects.TestWebsitePageTasks" name="test_update_content_status" time="0.095" /><testcase classname="tests.test_website_projects.TestWebsitePageTasks" name="test_update_dev_status" time="0.096" /><testcase classname="tests.test_website_projects.TestWebsitePageTasks" name="test_update_all_phases_completed" time="0.105" /><testcase classname="tests.test_website_projects.TestWebsitePageTasks" name="test_update_overall_status_directly" time="0.078" /><testcase classname="tests.test_website_projects.TestWebsitePageTasks" name="test_delete_page" time="0.070" /><testcase classname="tests.test_website_projects.TestWebsiteProjectsDashboard" name="test_get_dashboard" time="0.065" /><testcase classname="tests.test_website_projects.TestWebsiteProjectsCleanup" name="test_delete_project" time="0.064" /><testcase classname="tests.test_website_projects.TestWebsiteProjectsCleanup" name="test_verify_deletion" time="0.112" /></testsuite></testsuites>