<?xml version="1.0" encoding="utf-8"?><testsuites name="pytest tests"><testsuite name="pytest" errors="0" failures="0" skipped="0" tests="23" time="2.329" timestamp="2026-02-20T19:09:02.429765+00:00" hostname="agent-env-97ad6eac-17bd-4ea4-ab7f-bb36b398a7ca"><testcase classname="tests.test_website_projects_v2.TestSetup" name="test_create_test_project" time="0.650" /><testcase classname="tests.test_website_projects_v2.TestSetup" name="test_get_first_page_task" time="0.082" /><testcase classname="tests.test_website_projects_v2.TestProjectTasks" name="test_create_project_task" time="0.065" /><testcase classname="tests.test_website_projects_v2.TestProjectTasks" name="test_get_project_tasks" time="0.061" /><testcase classname="tests.test_website_projects_v2.TestProjectTasks" name="test_update_project_task" time="0.066" /><testcase classname="tests.test_website_projects_v2.TestProjectTasks" name="test_complete_project_task" time="0.070" /><testcase classname="tests.test_website_projects_v2.TestProjectTasks" name="test_delete_project_task" time="0.058" /><testcase classname="tests.test_website_projects_v2.TestPageSections" name="test_create_section" time="0.056" /><testcase classname="tests.test_website_projects_v2.TestPageSections" name="test_get_page_sections" time="0.060" /><testcase classname="tests.test_website_projects_v2.TestPageSections" name="test_update_section_wireframe_status" time="0.066" /><testcase classname="tests.test_website_projects_v2.TestPageSections" name="test_update_section_ui_status" time="0.107" /><testcase classname="tests.test_website_projects_v2.TestPageSections" name="test_update_section_dev_status" time="0.073" /><testcase classname="tests.test_website_projects_v2.TestPageSections" name="test_update_section_content_status" time="0.084" /><testcase classname="tests.test_website_projects_v2.TestSectionFeedback" name="test_create_feedback_comment" time="0.081" /><testcase classname="tests.test_website_projects_v2.TestSectionFeedback" name="test_get_section_feedback" time="0.054" /><testcase classname="tests.test_website_projects_v2.TestSectionFeedback" name="test_resolve_feedback" time="0.071" /><testcase classname="tests.test_website_projects_v2.TestSectionFeedback" name="test_reopen_feedback" time="0.064" /><testcase classname="tests.test_website_projects_v2.TestSectionFeedback" name="test_create_revision_feedback" time="0.128" /><testcase classname="tests.test_website_projects_v2.TestSectionFeedback" name="test_delete_feedback" time="0.056" /><testcase classname="tests.test_website_projects_v2.TestCleanup" name="test_delete_section" time="0.068" /><testcase classname="tests.test_website_projects_v2.TestCleanup" name="test_verify_section_deleted" time="0.082" /><testcase classname="tests.test_website_projects_v2.TestCleanup" name="test_delete_test_project" time="0.070" /><testcase classname="tests.test_website_projects_v2.TestCheckPermission" name="test_check_edit_permission" time="0.059" /></testsuite></testsuites>