<?xml version="1.0" encoding="utf-8"?><testsuites name="pytest tests"><testsuite name="pytest" errors="0" failures="0" skipped="0" tests="16" time="3.961" timestamp="2026-04-02T19:20:47.585938+00:00" hostname="agent-env-add78f51-69e7-48ba-93bb-9b25a564b93b"><testcase classname="backend.tests.test_website_tasks_module.TestWebsiteDepartment" name="test_get_departments_returns_website_first" time="0.461" /><testcase classname="backend.tests.test_website_tasks_module.TestWebsiteDepartment" name="test_website_department_has_correct_icon" time="0.111" /><testcase classname="backend.tests.test_website_tasks_module.TestWebsiteProjectsList" name="test_get_website_projects" time="0.126" /><testcase classname="backend.tests.test_website_tasks_module.TestWebsiteProjectsList" name="test_get_website_projects_with_status_filter" time="0.114" /><testcase classname="backend.tests.test_website_tasks_module.TestCreateWebsiteProject" name="test_create_website_project" time="0.120" /><testcase classname="backend.tests.test_website_tasks_module.TestCreateWebsiteProject" name="test_get_created_project_detail" time="0.116" /><testcase classname="backend.tests.test_website_tasks_module.TestCreateWebsiteProject" name="test_default_pages_have_status_fields" time="0.121" /><testcase classname="backend.tests.test_website_tasks_module.TestUpdateWebsitePage" name="test_update_page_wireframe_status" time="0.375" /><testcase classname="backend.tests.test_website_tasks_module.TestUpdateWebsitePage" name="test_update_page_ui_status" time="0.352" /><testcase classname="backend.tests.test_website_tasks_module.TestUpdateWebsitePage" name="test_update_page_content_status" time="0.394" /><testcase classname="backend.tests.test_website_tasks_module.TestUpdateWebsitePage" name="test_update_page_dev_status" time="0.357" /><testcase classname="backend.tests.test_website_tasks_module.TestUpdateWebsitePage" name="test_update_page_overall_status" time="0.422" /><testcase classname="backend.tests.test_website_tasks_module.TestDeleteWebsitePage" name="test_add_and_delete_page" time="0.448" /><testcase classname="backend.tests.test_website_tasks_module.TestWebsiteProjectProgress" name="test_progress_calculation" time="0.114" /><testcase classname="backend.tests.test_website_tasks_module.TestWebsiteDevelopers" name="test_get_developers" time="0.119" /><testcase classname="backend.tests.test_website_tasks_module.TestCleanup" name="test_cleanup_test_project" time="0.123" /></testsuite></testsuites>