<?xml version="1.0" encoding="utf-8"?><testsuites name="pytest tests"><testsuite name="pytest" errors="0" failures="0" skipped="0" tests="14" time="3.669" timestamp="2026-04-03T10:15:29.629033+00:00" hostname="agent-env-add78f51-69e7-48ba-93bb-9b25a564b93b"><testcase classname="backend.tests.test_wfh_remote.TestWFHRemoteRequests" name="test_01_login_success" time="0.445" /><testcase classname="backend.tests.test_wfh_remote.TestWFHRemoteRequests" name="test_02_create_wfh_request" time="0.413" /><testcase classname="backend.tests.test_wfh_remote.TestWFHRemoteRequests" name="test_03_get_pending_wfh_requests" time="0.117" /><testcase classname="backend.tests.test_wfh_remote.TestWFHRemoteRequests" name="test_04_get_all_wfh_requests" time="0.106" /><testcase classname="backend.tests.test_wfh_remote.TestWFHRemoteRequests" name="test_05_get_all_wfh_with_status_filter" time="0.398" /><testcase classname="backend.tests.test_wfh_remote.TestWFHRemoteRequests" name="test_06_get_my_wfh_requests" time="0.106" /><testcase classname="backend.tests.test_wfh_remote.TestWFHRemoteRequests" name="test_07_get_single_wfh_request" time="0.196" /><testcase classname="backend.tests.test_wfh_remote.TestWFHRemoteRequests" name="test_08_approve_wfh_request" time="0.309" /><testcase classname="backend.tests.test_wfh_remote.TestWFHRemoteRequests" name="test_09_reject_wfh_request" time="0.284" /><testcase classname="backend.tests.test_wfh_remote.TestWFHRemoteRequests" name="test_10_reject_wfh_without_reason_fails" time="0.212" /><testcase classname="backend.tests.test_wfh_remote.TestWFHRemoteRequests" name="test_11_cancel_wfh_request" time="0.300" /><testcase classname="backend.tests.test_wfh_remote.TestWFHRemoteRequests" name="test_12_get_nonexistent_wfh_request" time="0.100" /><testcase classname="backend.tests.test_wfh_remote.TestWFHRemoteRequests" name="test_13_approve_nonexistent_wfh_request" time="0.124" /><testcase classname="backend.tests.test_wfh_remote" name="test_cleanup" time="0.490" /></testsuite></testsuites>